#
# There is insufficient memory for the Java Runtime Environment to continue.
# Native memory allocation (malloc) failed to allocate 1257616 bytes for Chunk::new
# Possible reasons:
#   The system is out of physical RAM or swap space
#   The process is running with CompressedOops enabled, and the Java Heap may be blocking the growth of the native heap
# Possible solutions:
#   Reduce memory load on the system
#   Increase physical memory or swap space
#   Check if swap backing store is full
#   Decrease Java heap size (-Xmx/-Xms)
#   Decrease number of Java threads
#   Decrease Java thread stack sizes (-Xss)
#   Set larger code cache with -XX:ReservedCodeCacheSize=
#   JVM is running with Unscaled Compressed Oops mode in which the Java heap is
#     placed in the first 4GB address space. The Java Heap base address is the
#     maximum limit for the native heap growth. Please use -XX:HeapBaseMinAddress
#     to set the Java Heap base and to place the Java Heap above 4GB virtual address.
# This output file may be truncated or incomplete.
#
#  Out of Memory Error (./src/hotspot/share/memory/arena.cpp:197), pid=10044, tid=9688
#
# JRE version: OpenJDK Runtime Environment (11.0.12+7) (build 11.0.12+7-b1504.28-7817840)
# Java VM: OpenJDK 64-Bit Server VM (11.0.12+7-b1504.28-7817840, mixed mode, tiered, compressed oops, g1 gc, windows-amd64)
# No core dump will be written. Minidumps are not enabled by default on client versions of Windows
#

---------------  S U M M A R Y ------------

Command Line: org.jetbrains.kotlin.cli.jvm.K2JVMCompiler @C:\Users\Turonbank\AndroidStudioProjects\ebayKotlin\app\build\20220523_6100326776751925302.compiler.options

Host: Intel(R) Core(TM) i3-10100 CPU @ 3.60GHz, 8 cores, 7G,  Windows 10 , 64 bit Build 19041 (10.0.19041.1706)
Time: Mon May 23 14:40:44 2022 Западная Азия (зима) elapsed time: 4.895716 seconds (0d 0h 0m 4s)

---------------  T H R E A D  ---------------

Current thread (0x0000022e10722000):  JavaThread "C2 CompilerThread1" daemon [_thread_in_native, id=9688, stack(0x000000ce10800000,0x000000ce10900000)]


Current CompileTask:
C2:   4895 7104       4       java.security.SecureClassLoader::defineClass (16 bytes)

Stack: [0x000000ce10800000,0x000000ce10900000]
Native frames: (J=compiled Java code, j=interpreted, Vv=VM code, C=native code)
V  [jvm.dll+0x5fbcea]
V  [jvm.dll+0x731905]
V  [jvm.dll+0x732f1d]
V  [jvm.dll+0x7335d3]
V  [jvm.dll+0x247bf8]
V  [jvm.dll+0xc018c]
V  [jvm.dll+0xc06cc]
V  [jvm.dll+0x35b31d]
V  [jvm.dll+0x328803]
V  [jvm.dll+0x327cfa]
V  [jvm.dll+0x200602]
V  [jvm.dll+0x1ff794]
V  [jvm.dll+0x18868c]
V  [jvm.dll+0x20e0d7]
V  [jvm.dll+0x20c901]
V  [jvm.dll+0x6f9b7f]
V  [jvm.dll+0x6f26a5]
V  [jvm.dll+0x5fabf6]
C  [ucrtbase.dll+0x21bb2]
C  [KERNEL32.DLL+0x17034]
C  [ntdll.dll+0x52651]


---------------  P R O C E S S  ---------------

Threads class SMR info:
_java_thread_list=0x0000022e7e9db940, length=11, elements={
0x0000022e719e9000, 0x0000022e7d577800, 0x0000022e7d579800, 0x0000022e7d591800,
0x0000022e7d593000, 0x0000022e7d594800, 0x0000022e7d599000, 0x0000022e7d5a7800,
0x0000022e7d5a8800, 0x0000022e7e062800, 0x0000022e10722000
}

Java Threads: ( => current thread )
  0x0000022e719e9000 JavaThread "main" [_thread_in_vm, id=2208, stack(0x000000ce0f700000,0x000000ce0f800000)]
  0x0000022e7d577800 JavaThread "Reference Handler" daemon [_thread_blocked, id=7264, stack(0x000000ce0fe00000,0x000000ce0ff00000)]
  0x0000022e7d579800 JavaThread "Finalizer" daemon [_thread_blocked, id=2312, stack(0x000000ce0ff00000,0x000000ce10000000)]
  0x0000022e7d591800 JavaThread "Signal Dispatcher" daemon [_thread_blocked, id=8668, stack(0x000000ce10000000,0x000000ce10100000)]
  0x0000022e7d593000 JavaThread "Attach Listener" daemon [_thread_blocked, id=4736, stack(0x000000ce10100000,0x000000ce10200000)]
  0x0000022e7d594800 JavaThread "Service Thread" daemon [_thread_blocked, id=5948, stack(0x000000ce10200000,0x000000ce10300000)]
  0x0000022e7d599000 JavaThread "C2 CompilerThread0" daemon [_thread_in_native, id=3932, stack(0x000000ce10300000,0x000000ce10400000)]
  0x0000022e7d5a7800 JavaThread "C1 CompilerThread0" daemon [_thread_in_native, id=9068, stack(0x000000ce10400000,0x000000ce10500000)]
  0x0000022e7d5a8800 JavaThread "Sweeper thread" daemon [_thread_blocked, id=2780, stack(0x000000ce10500000,0x000000ce10600000)]
  0x0000022e7e062800 JavaThread "Common-Cleaner" daemon [_thread_blocked, id=10492, stack(0x000000ce10700000,0x000000ce10800000)]
=>0x0000022e10722000 JavaThread "C2 CompilerThread1" daemon [_thread_in_native, id=9688, stack(0x000000ce10800000,0x000000ce10900000)]

Other Threads:
  0x0000022e7d552000 VMThread "VM Thread" [stack: 0x000000ce0fd00000,0x000000ce0fe00000] [id=9536]
  0x0000022e7e05c800 WatcherThread [stack: 0x000000ce10600000,0x000000ce10700000] [id=5840]
  0x0000022e71a00800 GCTaskThread "GC Thread#0" [stack: 0x000000ce0f800000,0x000000ce0f900000] [id=10932]
  0x0000022e7e686000 GCTaskThread "GC Thread#1" [stack: 0x000000ce10a00000,0x000000ce10b00000] [id=7552]
  0x0000022e7e6e1000 GCTaskThread "GC Thread#2" [stack: 0x000000ce10b00000,0x000000ce10c00000] [id=11016]
  0x0000022e71a30000 ConcurrentGCThread "G1 Main Marker" [stack: 0x000000ce0f900000,0x000000ce0fa00000] [id=4004]
  0x0000022e71a32800 ConcurrentGCThread "G1 Conc#0" [stack: 0x000000ce0fa00000,0x000000ce0fb00000] [id=10700]
  0x0000022e7ea4b800 ConcurrentGCThread "G1 Conc#1" [stack: 0x000000ce10c00000,0x000000ce10d00000] [id=4940]
  0x0000022e7d3c0800 ConcurrentGCThread "G1 Refine#0" [stack: 0x000000ce0fb00000,0x000000ce0fc00000] [id=284]
  0x0000022e1301f000 ConcurrentGCThread "G1 Refine#1" [stack: 0x000000ce10900000,0x000000ce10a00000] [id=1588]
  0x0000022e13021800 ConcurrentGCThread "G1 Refine#2" [stack: 0x000000ce10d00000,0x000000ce10e00000] [id=9552]
  0x0000022e13022800 ConcurrentGCThread "G1 Refine#3" [stack: 0x000000ce10e00000,0x000000ce10f00000] [id=2240]
  0x0000022e124c0000 ConcurrentGCThread "G1 Refine#4" [stack: 0x000000ce10f00000,0x000000ce11000000] [id=3872]
  0x0000022e7d3c1800 ConcurrentGCThread "G1 Young RemSet Sampling" [stack: 0x000000ce0fc00000,0x000000ce0fd00000] [id=4660]

Threads with active compile tasks:
C2 CompilerThread0   4907 7197       4       org.jetbrains.kotlin.load.java.lazy.descriptors.LazyJavaClassDescriptor$LazyJavaClassTypeConstructor::getParameters (13 bytes)
C1 CompilerThread0   4907 7203       3       org.jetbrains.kotlin.com.intellij.openapi.util.TextRange::assertProperRange (63 bytes)
C2 CompilerThread1   4907 7104       4       java.security.SecureClassLoader::defineClass (16 bytes)

VM state:not at safepoint (normal execution)

VM Mutex/Monitor currently owned by a thread: None

Heap address: 0x0000000081a00000, size: 2022 MB, Compressed Oops mode: 32-bit
Narrow klass base: 0x0000000000000000, Narrow klass shift: 3
Compressed class space size: 1073741824 Address: 0x0000000100000000

Heap:
 garbage-first heap   total 160768K, used 50510K [0x0000000081a00000, 0x0000000100000000)
  region size 1024K, 9 young (9216K), 3 survivors (3072K)
 Metaspace       used 60890K, capacity 61470K, committed 61648K, reserved 1103872K
  class space    used 6827K, capacity 7070K, committed 7116K, reserved 1048576K
Heap Regions: E=young(eden), S=young(survivor), O=old, HS=humongous(starts), HC=humongous(continues), CS=collection set, F=free, A=archive, TAMS=top-at-mark-start (previous, next)
|   0|0x0000000081a00000, 0x0000000081b00000, 0x0000000081b00000|100%|HS|  |TAMS 0x0000000081b00000, 0x0000000081a00000| Complete 
|   1|0x0000000081b00000, 0x0000000081c00000, 0x0000000081c00000|100%|HC|  |TAMS 0x0000000081c00000, 0x0000000081b00000| Complete 
|   2|0x0000000081c00000, 0x0000000081d00000, 0x0000000081d00000|100%|HC|  |TAMS 0x0000000081d00000, 0x0000000081c00000| Complete 
|   3|0x0000000081d00000, 0x0000000081e00000, 0x0000000081e00000|100%|HS|  |TAMS 0x0000000081e00000, 0x0000000081d00000| Complete 
|   4|0x0000000081e00000, 0x0000000081f00000, 0x0000000081f00000|100%|HC|  |TAMS 0x0000000081f00000, 0x0000000081e00000| Complete 
|   5|0x0000000081f00000, 0x0000000082000000, 0x0000000082000000|100%|HC|  |TAMS 0x0000000082000000, 0x0000000081f00000| Complete 
|   6|0x0000000082000000, 0x0000000082100000, 0x0000000082100000|100%|HS|  |TAMS 0x0000000082100000, 0x0000000082000000| Complete 
|   7|0x0000000082100000, 0x0000000082200000, 0x0000000082200000|100%|HC|  |TAMS 0x0000000082200000, 0x0000000082100000| Complete 
|   8|0x0000000082200000, 0x0000000082300000, 0x0000000082300000|100%| O|  |TAMS 0x0000000082300000, 0x0000000082200000| Untracked 
|   9|0x0000000082300000, 0x0000000082400000, 0x0000000082400000|100%| O|  |TAMS 0x0000000082400000, 0x0000000082300000| Untracked 
|  10|0x0000000082400000, 0x0000000082500000, 0x0000000082500000|100%| O|  |TAMS 0x0000000082500000, 0x0000000082400000| Untracked 
|  11|0x0000000082500000, 0x0000000082600000, 0x0000000082600000|100%| O|  |TAMS 0x0000000082600000, 0x0000000082500000| Untracked 
|  12|0x0000000082600000, 0x0000000082700000, 0x0000000082700000|100%| O|  |TAMS 0x0000000082700000, 0x0000000082600000| Untracked 
|  13|0x0000000082700000, 0x0000000082800000, 0x0000000082800000|100%| O|  |TAMS 0x0000000082800000, 0x0000000082700000| Untracked 
|  14|0x0000000082800000, 0x0000000082900000, 0x0000000082900000|100%| O|  |TAMS 0x0000000082900000, 0x0000000082800000| Untracked 
|  15|0x0000000082900000, 0x0000000082a00000, 0x0000000082a00000|100%| O|  |TAMS 0x0000000082a00000, 0x0000000082900000| Untracked 
|  16|0x0000000082a00000, 0x0000000082b00000, 0x0000000082b00000|100%| O|  |TAMS 0x0000000082b00000, 0x0000000082a00000| Untracked 
|  17|0x0000000082b00000, 0x0000000082c00000, 0x0000000082c00000|100%| O|  |TAMS 0x0000000082c00000, 0x0000000082b00000| Untracked 
|  18|0x0000000082c00000, 0x0000000082d00000, 0x0000000082d00000|100%| O|  |TAMS 0x0000000082d00000, 0x0000000082c00000| Untracked 
|  19|0x0000000082d00000, 0x0000000082e00000, 0x0000000082e00000|100%| O|  |TAMS 0x0000000082e00000, 0x0000000082d00000| Untracked 
|  20|0x0000000082e00000, 0x0000000082f00000, 0x0000000082f00000|100%| O|  |TAMS 0x0000000082f00000, 0x0000000082e00000| Untracked 
|  21|0x0000000082f00000, 0x0000000083000000, 0x0000000083000000|100%| O|  |TAMS 0x0000000083000000, 0x0000000082f00000| Untracked 
|  22|0x0000000083000000, 0x0000000083100000, 0x0000000083100000|100%| O|  |TAMS 0x0000000083100000, 0x0000000083000000| Untracked 
|  23|0x0000000083100000, 0x0000000083200000, 0x0000000083200000|100%| O|  |TAMS 0x0000000083200000, 0x0000000083100000| Untracked 
|  24|0x0000000083200000, 0x0000000083300000, 0x0000000083300000|100%| O|  |TAMS 0x0000000083300000, 0x0000000083200000| Untracked 
|  25|0x0000000083300000, 0x0000000083400000, 0x0000000083400000|100%| O|  |TAMS 0x0000000083400000, 0x0000000083300000| Untracked 
|  26|0x0000000083400000, 0x0000000083500000, 0x0000000083500000|100%| O|  |TAMS 0x0000000083500000, 0x0000000083400000| Untracked 
|  27|0x0000000083500000, 0x0000000083600000, 0x0000000083600000|100%| O|  |TAMS 0x0000000083600000, 0x0000000083500000| Untracked 
|  28|0x0000000083600000, 0x0000000083700000, 0x0000000083700000|100%| O|  |TAMS 0x0000000083700000, 0x0000000083600000| Untracked 
|  29|0x0000000083700000, 0x0000000083800000, 0x0000000083800000|100%| O|  |TAMS 0x0000000083800000, 0x0000000083700000| Untracked 
|  30|0x0000000083800000, 0x0000000083900000, 0x0000000083900000|100%| O|  |TAMS 0x0000000083900000, 0x0000000083800000| Untracked 
|  31|0x0000000083900000, 0x0000000083a00000, 0x0000000083a00000|100%| O|  |TAMS 0x0000000083a00000, 0x0000000083900000| Untracked 
|  32|0x0000000083a00000, 0x0000000083b00000, 0x0000000083b00000|100%| O|  |TAMS 0x0000000083b00000, 0x0000000083a00000| Untracked 
|  33|0x0000000083b00000, 0x0000000083c00000, 0x0000000083c00000|100%| O|  |TAMS 0x0000000083c00000, 0x0000000083b00000| Untracked 
|  34|0x0000000083c00000, 0x0000000083d00000, 0x0000000083d00000|100%| O|  |TAMS 0x0000000083d00000, 0x0000000083c00000| Untracked 
|  35|0x0000000083d00000, 0x0000000083e00000, 0x0000000083e00000|100%| O|  |TAMS 0x0000000083e00000, 0x0000000083d00000| Untracked 
|  36|0x0000000083e00000, 0x0000000083f00000, 0x0000000083f00000|100%| O|  |TAMS 0x0000000083f00000, 0x0000000083e00000| Untracked 
|  37|0x0000000083f00000, 0x0000000084000000, 0x0000000084000000|100%| O|  |TAMS 0x0000000084000000, 0x0000000083f00000| Untracked 
|  38|0x0000000084000000, 0x0000000084100000, 0x0000000084100000|100%| O|  |TAMS 0x0000000084100000, 0x0000000084000000| Untracked 
|  39|0x0000000084100000, 0x0000000084200000, 0x0000000084200000|100%| O|  |TAMS 0x0000000084200000, 0x0000000084100000| Untracked 
|  40|0x0000000084200000, 0x0000000084300000, 0x0000000084300000|100%| O|  |TAMS 0x0000000084300000, 0x0000000084200000| Untracked 
|  41|0x0000000084300000, 0x00000000843d3a00, 0x0000000084400000| 82%| O|  |TAMS 0x00000000843d3a00, 0x0000000084300000| Untracked 
|  42|0x0000000084400000, 0x0000000084400000, 0x0000000084500000|  0%| F|  |TAMS 0x0000000084400000, 0x0000000084400000| Untracked 
|  43|0x0000000084500000, 0x0000000084500000, 0x0000000084600000|  0%| F|  |TAMS 0x0000000084500000, 0x0000000084500000| Untracked 
|  44|0x0000000084600000, 0x0000000084600000, 0x0000000084700000|  0%| F|  |TAMS 0x0000000084600000, 0x0000000084600000| Untracked 
|  45|0x0000000084700000, 0x0000000084700000, 0x0000000084800000|  0%| F|  |TAMS 0x0000000084700000, 0x0000000084700000| Untracked 
|  46|0x0000000084800000, 0x0000000084800000, 0x0000000084900000|  0%| F|  |TAMS 0x0000000084800000, 0x0000000084800000| Untracked 
|  47|0x0000000084900000, 0x0000000084900000, 0x0000000084a00000|  0%| F|  |TAMS 0x0000000084900000, 0x0000000084900000| Untracked 
|  48|0x0000000084a00000, 0x0000000084a00000, 0x0000000084b00000|  0%| F|  |TAMS 0x0000000084a00000, 0x0000000084a00000| Untracked 
|  49|0x0000000084b00000, 0x0000000084b00000, 0x0000000084c00000|  0%| F|  |TAMS 0x0000000084b00000, 0x0000000084b00000| Untracked 
|  50|0x0000000084c00000, 0x0000000084c00000, 0x0000000084d00000|  0%| F|  |TAMS 0x0000000084c00000, 0x0000000084c00000| Untracked 
|  51|0x0000000084d00000, 0x0000000084d00000, 0x0000000084e00000|  0%| F|  |TAMS 0x0000000084d00000, 0x0000000084d00000| Untracked 
|  52|0x0000000084e00000, 0x0000000084e00000, 0x0000000084f00000|  0%| F|  |TAMS 0x0000000084e00000, 0x0000000084e00000| Untracked 
|  53|0x0000000084f00000, 0x0000000084f00000, 0x0000000085000000|  0%| F|  |TAMS 0x0000000084f00000, 0x0000000084f00000| Untracked 
|  54|0x0000000085000000, 0x0000000085000000, 0x0000000085100000|  0%| F|  |TAMS 0x0000000085000000, 0x0000000085000000| Untracked 
|  55|0x0000000085100000, 0x0000000085100000, 0x0000000085200000|  0%| F|  |TAMS 0x0000000085100000, 0x0000000085100000| Untracked 
|  56|0x0000000085200000, 0x0000000085200000, 0x0000000085300000|  0%| F|  |TAMS 0x0000000085200000, 0x0000000085200000| Untracked 
|  57|0x0000000085300000, 0x0000000085300000, 0x0000000085400000|  0%| F|  |TAMS 0x0000000085300000, 0x0000000085300000| Untracked 
|  58|0x0000000085400000, 0x0000000085400000, 0x0000000085500000|  0%| F|  |TAMS 0x0000000085400000, 0x0000000085400000| Untracked 
|  59|0x0000000085500000, 0x0000000085500000, 0x0000000085600000|  0%| F|  |TAMS 0x0000000085500000, 0x0000000085500000| Untracked 
|  60|0x0000000085600000, 0x0000000085600000, 0x0000000085700000|  0%| F|  |TAMS 0x0000000085600000, 0x0000000085600000| Untracked 
|  61|0x0000000085700000, 0x0000000085700000, 0x0000000085800000|  0%| F|  |TAMS 0x0000000085700000, 0x0000000085700000| Untracked 
|  62|0x0000000085800000, 0x0000000085800000, 0x0000000085900000|  0%| F|  |TAMS 0x0000000085800000, 0x0000000085800000| Untracked 
|  63|0x0000000085900000, 0x0000000085900000, 0x0000000085a00000|  0%| F|  |TAMS 0x0000000085900000, 0x0000000085900000| Untracked 
|  64|0x0000000085a00000, 0x0000000085a00000, 0x0000000085b00000|  0%| F|  |TAMS 0x0000000085a00000, 0x0000000085a00000| Untracked 
|  65|0x0000000085b00000, 0x0000000085b00000, 0x0000000085c00000|  0%| F|  |TAMS 0x0000000085b00000, 0x0000000085b00000| Untracked 
|  66|0x0000000085c00000, 0x0000000085c00000, 0x0000000085d00000|  0%| F|  |TAMS 0x0000000085c00000, 0x0000000085c00000| Untracked 
|  67|0x0000000085d00000, 0x0000000085d00000, 0x0000000085e00000|  0%| F|  |TAMS 0x0000000085d00000, 0x0000000085d00000| Untracked 
|  68|0x0000000085e00000, 0x0000000085e00000, 0x0000000085f00000|  0%| F|  |TAMS 0x0000000085e00000, 0x0000000085e00000| Untracked 
|  69|0x0000000085f00000, 0x0000000085f00000, 0x0000000086000000|  0%| F|  |TAMS 0x0000000085f00000, 0x0000000085f00000| Untracked 
|  70|0x0000000086000000, 0x0000000086000000, 0x0000000086100000|  0%| F|  |TAMS 0x0000000086000000, 0x0000000086000000| Untracked 
|  71|0x0000000086100000, 0x0000000086100000, 0x0000000086200000|  0%| F|  |TAMS 0x0000000086100000, 0x0000000086100000| Untracked 
|  72|0x0000000086200000, 0x0000000086200000, 0x0000000086300000|  0%| F|  |TAMS 0x0000000086200000, 0x0000000086200000| Untracked 
|  73|0x0000000086300000, 0x0000000086300000, 0x0000000086400000|  0%| F|  |TAMS 0x0000000086300000, 0x0000000086300000| Untracked 
|  74|0x0000000086400000, 0x0000000086400000, 0x0000000086500000|  0%| F|  |TAMS 0x0000000086400000, 0x0000000086400000| Untracked 
|  75|0x0000000086500000, 0x0000000086500000, 0x0000000086600000|  0%| F|  |TAMS 0x0000000086500000, 0x0000000086500000| Untracked 
|  76|0x0000000086600000, 0x0000000086600000, 0x0000000086700000|  0%| F|  |TAMS 0x0000000086600000, 0x0000000086600000| Untracked 
|  77|0x0000000086700000, 0x0000000086700000, 0x0000000086800000|  0%| F|  |TAMS 0x0000000086700000, 0x0000000086700000| Untracked 
|  78|0x0000000086800000, 0x0000000086800000, 0x0000000086900000|  0%| F|  |TAMS 0x0000000086800000, 0x0000000086800000| Untracked 
|  79|0x0000000086900000, 0x0000000086900000, 0x0000000086a00000|  0%| F|  |TAMS 0x0000000086900000, 0x0000000086900000| Untracked 
|  80|0x0000000086a00000, 0x0000000086a00000, 0x0000000086b00000|  0%| F|  |TAMS 0x0000000086a00000, 0x0000000086a00000| Untracked 
|  81|0x0000000086b00000, 0x0000000086b00000, 0x0000000086c00000|  0%| F|  |TAMS 0x0000000086b00000, 0x0000000086b00000| Untracked 
|  82|0x0000000086c00000, 0x0000000086c00000, 0x0000000086d00000|  0%| F|  |TAMS 0x0000000086c00000, 0x0000000086c00000| Untracked 
|  83|0x0000000086d00000, 0x0000000086d00000, 0x0000000086e00000|  0%| F|  |TAMS 0x0000000086d00000, 0x0000000086d00000| Untracked 
|  84|0x0000000086e00000, 0x0000000086e00000, 0x0000000086f00000|  0%| F|  |TAMS 0x0000000086e00000, 0x0000000086e00000| Untracked 
|  85|0x0000000086f00000, 0x0000000086f00000, 0x0000000087000000|  0%| F|  |TAMS 0x0000000086f00000, 0x0000000086f00000| Untracked 
|  86|0x0000000087000000, 0x0000000087000000, 0x0000000087100000|  0%| F|  |TAMS 0x0000000087000000, 0x0000000087000000| Untracked 
|  87|0x0000000087100000, 0x0000000087100000, 0x0000000087200000|  0%| F|  |TAMS 0x0000000087100000, 0x0000000087100000| Untracked 
|  88|0x0000000087200000, 0x0000000087200000, 0x0000000087300000|  0%| F|  |TAMS 0x0000000087200000, 0x0000000087200000| Untracked 
|  89|0x0000000087300000, 0x0000000087300000, 0x0000000087400000|  0%| F|  |TAMS 0x0000000087300000, 0x0000000087300000| Untracked 
|  90|0x0000000087400000, 0x0000000087400000, 0x0000000087500000|  0%| F|  |TAMS 0x0000000087400000, 0x0000000087400000| Untracked 
|  91|0x0000000087500000, 0x0000000087500000, 0x0000000087600000|  0%| F|  |TAMS 0x0000000087500000, 0x0000000087500000| Untracked 
|  92|0x0000000087600000, 0x0000000087600000, 0x0000000087700000|  0%| F|  |TAMS 0x0000000087600000, 0x0000000087600000| Untracked 
|  93|0x0000000087700000, 0x0000000087700000, 0x0000000087800000|  0%| F|  |TAMS 0x0000000087700000, 0x0000000087700000| Untracked 
|  94|0x0000000087800000, 0x0000000087800000, 0x0000000087900000|  0%| F|  |TAMS 0x0000000087800000, 0x0000000087800000| Untracked 
|  95|0x0000000087900000, 0x0000000087900000, 0x0000000087a00000|  0%| F|  |TAMS 0x0000000087900000, 0x0000000087900000| Untracked 
|  96|0x0000000087a00000, 0x0000000087a00000, 0x0000000087b00000|  0%| F|  |TAMS 0x0000000087a00000, 0x0000000087a00000| Untracked 
|  97|0x0000000087b00000, 0x0000000087b00000, 0x0000000087c00000|  0%| F|  |TAMS 0x0000000087b00000, 0x0000000087b00000| Untracked 
|  98|0x0000000087c00000, 0x0000000087c00000, 0x0000000087d00000|  0%| F|  |TAMS 0x0000000087c00000, 0x0000000087c00000| Untracked 
|  99|0x0000000087d00000, 0x0000000087d00000, 0x0000000087e00000|  0%| F|  |TAMS 0x0000000087d00000, 0x0000000087d00000| Untracked 
| 100|0x0000000087e00000, 0x0000000087e00000, 0x0000000087f00000|  0%| F|  |TAMS 0x0000000087e00000, 0x0000000087e00000| Untracked 
| 101|0x0000000087f00000, 0x0000000087f00000, 0x0000000088000000|  0%| F|  |TAMS 0x0000000087f00000, 0x0000000087f00000| Untracked 
| 102|0x0000000088000000, 0x0000000088000000, 0x0000000088100000|  0%| F|  |TAMS 0x0000000088000000, 0x0000000088000000| Untracked 
| 103|0x0000000088100000, 0x0000000088100000, 0x0000000088200000|  0%| F|  |TAMS 0x0000000088100000, 0x0000000088100000| Untracked 
| 104|0x0000000088200000, 0x0000000088200000, 0x0000000088300000|  0%| F|  |TAMS 0x0000000088200000, 0x0000000088200000| Untracked 
| 105|0x0000000088300000, 0x0000000088300000, 0x0000000088400000|  0%| F|  |TAMS 0x0000000088300000, 0x0000000088300000| Untracked 
| 106|0x0000000088400000, 0x0000000088400000, 0x0000000088500000|  0%| F|  |TAMS 0x0000000088400000, 0x0000000088400000| Untracked 
| 107|0x0000000088500000, 0x0000000088500000, 0x0000000088600000|  0%| F|  |TAMS 0x0000000088500000, 0x0000000088500000| Untracked 
| 108|0x0000000088600000, 0x0000000088600000, 0x0000000088700000|  0%| F|  |TAMS 0x0000000088600000, 0x0000000088600000| Untracked 
| 109|0x0000000088700000, 0x0000000088700000, 0x0000000088800000|  0%| F|  |TAMS 0x0000000088700000, 0x0000000088700000| Untracked 
| 110|0x0000000088800000, 0x0000000088800000, 0x0000000088900000|  0%| F|  |TAMS 0x0000000088800000, 0x0000000088800000| Untracked 
| 111|0x0000000088900000, 0x0000000088900000, 0x0000000088a00000|  0%| F|  |TAMS 0x0000000088900000, 0x0000000088900000| Untracked 
| 112|0x0000000088a00000, 0x0000000088a00000, 0x0000000088b00000|  0%| F|  |TAMS 0x0000000088a00000, 0x0000000088a00000| Untracked 
| 113|0x0000000088b00000, 0x0000000088b00000, 0x0000000088c00000|  0%| F|  |TAMS 0x0000000088b00000, 0x0000000088b00000| Untracked 
| 114|0x0000000088c00000, 0x0000000088c00000, 0x0000000088d00000|  0%| F|  |TAMS 0x0000000088c00000, 0x0000000088c00000| Untracked 
| 115|0x0000000088d00000, 0x0000000088d00000, 0x0000000088e00000|  0%| F|  |TAMS 0x0000000088d00000, 0x0000000088d00000| Untracked 
| 116|0x0000000088e00000, 0x0000000088e00000, 0x0000000088f00000|  0%| F|  |TAMS 0x0000000088e00000, 0x0000000088e00000| Untracked 
| 117|0x0000000088f00000, 0x0000000088f00000, 0x0000000089000000|  0%| F|  |TAMS 0x0000000088f00000, 0x0000000088f00000| Untracked 
| 118|0x0000000089000000, 0x0000000089000000, 0x0000000089100000|  0%| F|  |TAMS 0x0000000089000000, 0x0000000089000000| Untracked 
| 119|0x0000000089100000, 0x0000000089100000, 0x0000000089200000|  0%| F|  |TAMS 0x0000000089100000, 0x0000000089100000| Untracked 
| 120|0x0000000089200000, 0x0000000089200000, 0x0000000089300000|  0%| F|  |TAMS 0x0000000089200000, 0x0000000089200000| Untracked 
| 121|0x0000000089300000, 0x0000000089300000, 0x0000000089400000|  0%| F|  |TAMS 0x0000000089300000, 0x0000000089300000| Untracked 
| 122|0x0000000089400000, 0x0000000089400000, 0x0000000089500000|  0%| F|  |TAMS 0x0000000089400000, 0x0000000089400000| Untracked 
| 123|0x0000000089500000, 0x0000000089500000, 0x0000000089600000|  0%| F|  |TAMS 0x0000000089500000, 0x0000000089500000| Untracked 
| 124|0x0000000089600000, 0x0000000089600000, 0x0000000089700000|  0%| F|  |TAMS 0x0000000089600000, 0x0000000089600000| Untracked 
| 125|0x0000000089700000, 0x0000000089700000, 0x0000000089800000|  0%| F|  |TAMS 0x0000000089700000, 0x0000000089700000| Untracked 
| 126|0x0000000089800000, 0x0000000089800000, 0x0000000089900000|  0%| F|  |TAMS 0x0000000089800000, 0x0000000089800000| Untracked 
| 127|0x0000000089900000, 0x0000000089900000, 0x0000000089a00000|  0%| F|  |TAMS 0x0000000089900000, 0x0000000089900000| Untracked 
| 128|0x0000000089a00000, 0x0000000089a00000, 0x0000000089b00000|  0%| F|  |TAMS 0x0000000089a00000, 0x0000000089a00000| Untracked 
| 129|0x0000000089b00000, 0x0000000089b00000, 0x0000000089c00000|  0%| F|  |TAMS 0x0000000089b00000, 0x0000000089b00000| Untracked 
| 130|0x0000000089c00000, 0x0000000089c00000, 0x0000000089d00000|  0%| F|  |TAMS 0x0000000089c00000, 0x0000000089c00000| Untracked 
| 131|0x0000000089d00000, 0x0000000089d00000, 0x0000000089e00000|  0%| F|  |TAMS 0x0000000089d00000, 0x0000000089d00000| Untracked 
| 132|0x0000000089e00000, 0x0000000089e00000, 0x0000000089f00000|  0%| F|  |TAMS 0x0000000089e00000, 0x0000000089e00000| Untracked 
| 133|0x0000000089f00000, 0x0000000089f80000, 0x000000008a000000| 50%| S|CS|TAMS 0x0000000089f00000, 0x0000000089f00000| Complete 
| 134|0x000000008a000000, 0x000000008a100000, 0x000000008a100000|100%| S|CS|TAMS 0x000000008a000000, 0x000000008a000000| Complete 
| 135|0x000000008a100000, 0x000000008a200000, 0x000000008a200000|100%| S|CS|TAMS 0x000000008a100000, 0x000000008a100000| Complete 
| 136|0x000000008a200000, 0x000000008a200000, 0x000000008a300000|  0%| F|  |TAMS 0x000000008a200000, 0x000000008a200000| Untracked 
| 137|0x000000008a300000, 0x000000008a300000, 0x000000008a400000|  0%| F|  |TAMS 0x000000008a300000, 0x000000008a300000| Untracked 
| 138|0x000000008a400000, 0x000000008a400000, 0x000000008a500000|  0%| F|  |TAMS 0x000000008a400000, 0x000000008a400000| Untracked 
| 139|0x000000008a500000, 0x000000008a500000, 0x000000008a600000|  0%| F|  |TAMS 0x000000008a500000, 0x000000008a500000| Untracked 
| 140|0x000000008a600000, 0x000000008a600000, 0x000000008a700000|  0%| F|  |TAMS 0x000000008a600000, 0x000000008a600000| Untracked 
| 141|0x000000008a700000, 0x000000008a700000, 0x000000008a800000|  0%| F|  |TAMS 0x000000008a700000, 0x000000008a700000| Untracked 
| 142|0x000000008a800000, 0x000000008a800000, 0x000000008a900000|  0%| F|  |TAMS 0x000000008a800000, 0x000000008a800000| Untracked 
| 143|0x000000008a900000, 0x000000008a900000, 0x000000008aa00000|  0%| F|  |TAMS 0x000000008a900000, 0x000000008a900000| Untracked 
| 144|0x000000008aa00000, 0x000000008aa00000, 0x000000008ab00000|  0%| F|  |TAMS 0x000000008aa00000, 0x000000008aa00000| Untracked 
| 145|0x000000008ab00000, 0x000000008ab00000, 0x000000008ac00000|  0%| F|  |TAMS 0x000000008ab00000, 0x000000008ab00000| Untracked 
| 146|0x000000008ac00000, 0x000000008ac00000, 0x000000008ad00000|  0%| F|  |TAMS 0x000000008ac00000, 0x000000008ac00000| Untracked 
| 147|0x000000008ad00000, 0x000000008ad00000, 0x000000008ae00000|  0%| F|  |TAMS 0x000000008ad00000, 0x000000008ad00000| Untracked 
| 148|0x000000008ae00000, 0x000000008ae00000, 0x000000008af00000|  0%| F|  |TAMS 0x000000008ae00000, 0x000000008ae00000| Untracked 
| 149|0x000000008af00000, 0x000000008af00000, 0x000000008b000000|  0%| F|  |TAMS 0x000000008af00000, 0x000000008af00000| Untracked 
| 150|0x000000008b000000, 0x000000008b000000, 0x000000008b100000|  0%| F|  |TAMS 0x000000008b000000, 0x000000008b000000| Untracked 
| 151|0x000000008b100000, 0x000000008b180800, 0x000000008b200000| 50%| E|  |TAMS 0x000000008b100000, 0x000000008b100000| Complete 
| 152|0x000000008b200000, 0x000000008b300000, 0x000000008b300000|100%| E|CS|TAMS 0x000000008b200000, 0x000000008b200000| Complete 
| 153|0x000000008b300000, 0x000000008b400000, 0x000000008b400000|100%| E|CS|TAMS 0x000000008b300000, 0x000000008b300000| Complete 
| 154|0x000000008b400000, 0x000000008b500000, 0x000000008b500000|100%| E|CS|TAMS 0x000000008b400000, 0x000000008b400000| Complete 
| 155|0x000000008b500000, 0x000000008b600000, 0x000000008b600000|100%| E|CS|TAMS 0x000000008b500000, 0x000000008b500000| Complete 
| 156|0x000000008b600000, 0x000000008b700000, 0x000000008b700000|100%| E|CS|TAMS 0x000000008b600000, 0x000000008b600000| Complete 

Card table byte_map: [0x0000022e76360000,0x0000022e76760000] _byte_map_base: 0x0000022e75f53000

Marking Bits (Prev, Next): (CMBitMap*) 0x0000022e71a274d0, (CMBitMap*) 0x0000022e71a27498
 Prev Bits: [0x0000022e78b00000, 0x0000022e7aa98000)
 Next Bits: [0x0000022e76b60000, 0x0000022e78af8000)

Polling page: 0x0000022e701b0000

Metaspace:

Usage:
  Non-class:     53.13 MB capacity,    52.80 MB (>99%) used,   243.90 KB ( <1%) free+waste,    90.31 KB ( <1%) overhead. 
      Class:      6.90 MB capacity,     6.67 MB ( 97%) used,   204.93 KB (  3%) free+waste,    37.44 KB ( <1%) overhead. 
       Both:     60.03 MB capacity,    59.47 MB (>99%) used,   448.83 KB ( <1%) free+waste,   127.75 KB ( <1%) overhead. 

Virtual space:
  Non-class space:       54.00 MB reserved,      53.25 MB ( 99%) committed 
      Class space:        1.00 GB reserved,       6.95 MB ( <1%) committed 
             Both:        1.05 GB reserved,      60.20 MB (  6%) committed 

Chunk freelists:
   Non-Class:  16.00 KB
       Class:  2.00 KB
        Both:  18.00 KB

MaxMetaspaceSize: 17179869184.00 GB
CompressedClassSpaceSize: 1.00 GB
Initial GC threshold: 20.80 MB
Current GC threshold: 99.30 MB
CDS: off

CodeHeap 'non-profiled nmethods': size=120000Kb used=3071Kb max_used=3071Kb free=116928Kb
 bounds [0x0000022e07ad0000, 0x0000022e07dd0000, 0x0000022e0f000000]
CodeHeap 'profiled nmethods': size=120000Kb used=17564Kb max_used=17564Kb free=102436Kb
 bounds [0x0000022e005a0000, 0x0000022e016d0000, 0x0000022e07ad0000]
CodeHeap 'non-nmethods': size=5760Kb used=1347Kb max_used=1359Kb free=4413Kb
 bounds [0x0000022e00000000, 0x0000022e00270000, 0x0000022e005a0000]
 total_blobs=7800 nmethods=7161 adapters=549
 compilation: enabled
              stopped_count=0, restarted_count=0
 full_count=0

Compilation events (20 events):
Event: 4.889 Thread 0x0000022e7d599000 nmethod 7135 0x0000022e07dc9990 code [0x0000022e07dc9b60, 0x0000022e07dc9f38]
Event: 4.889 Thread 0x0000022e7d599000 7139       4       org.jetbrains.kotlin.resolve.DescriptorUtils::isKindOf (35 bytes)
Event: 4.890 Thread 0x0000022e7d599000 nmethod 7139 0x0000022e07dca310 code [0x0000022e07dca4a0, 0x0000022e07dca598]
Event: 4.891 Thread 0x0000022e7d5a7800 nmethod 7138 0x0000022e0169d190 code [0x0000022e0169d940, 0x0000022e016a2cc8]
Event: 4.891 Thread 0x0000022e7d5a7800 7140       3       org.jetbrains.kotlin.backend.common.serialization.mangle.descriptor.DescriptorMangleComputer::appendName (17 bytes)
Event: 4.891 Thread 0x0000022e7d5a7800 nmethod 7140 0x0000022e016a4390 code [0x0000022e016a4560, 0x0000022e016a4768]
Event: 4.891 Thread 0x0000022e7d5a7800 7141       3       org.jetbrains.kotlin.descriptors.ClassKind::isSingleton (20 bytes)
Event: 4.891 Thread 0x0000022e7d5a7800 nmethod 7141 0x0000022e016a4890 code [0x0000022e016a4a40, 0x0000022e016a4bf8]
Event: 4.892 Thread 0x0000022e7d5a7800 7142       1       org.jetbrains.kotlin.psi2ir.generators.BodyGenerator::getContext (5 bytes)
Event: 4.892 Thread 0x0000022e7d5a7800 nmethod 7142 0x0000022e07dca690 code [0x0000022e07dca840, 0x0000022e07dca8f8]
Event: 4.893 Thread 0x0000022e7d5a7800 7143       1       org.jetbrains.kotlin.descriptors.impl.PropertyDescriptorImpl::isExpect (5 bytes)
Event: 4.893 Thread 0x0000022e7d5a7800 nmethod 7143 0x0000022e07dca990 code [0x0000022e07dcab40, 0x0000022e07dcabf8]
Event: 4.893 Thread 0x0000022e7d5a7800 7144       3       org.jetbrains.kotlin.backend.common.serialization.signature.IdSignatureDescriptor$DescriptorBasedSignatureBuilder::visitClassDescriptor (13 bytes)
Event: 4.893 Thread 0x0000022e7d5a7800 nmethod 7144 0x0000022e016a4c90 code [0x0000022e016a4e60, 0x0000022e016a5108]
Event: 4.893 Thread 0x0000022e7d5a7800 7145       3       org.jetbrains.kotlin.backend.common.serialization.signature.IdSignatureDescriptor$DescriptorBasedSignatureBuilder::visitClassDescriptor (91 bytes)
Event: 4.894 Thread 0x0000022e7d5a7800 nmethod 7145 0x0000022e016a5210 code [0x0000022e016a5580, 0x0000022e016a6a58]
Event: 4.894 Thread 0x0000022e7d5a7800 7146       1       org.jetbrains.kotlin.ir.types.impl.IrSimpleTypeBuilder::setKotlinType (6 bytes)
Event: 4.894 Thread 0x0000022e7d5a7800 nmethod 7146 0x0000022e07dcac90 code [0x0000022e07dcae40, 0x0000022e07dcaf38]
Event: 4.894 Thread 0x0000022e7d5a7800 7147       1       org.jetbrains.kotlin.ir.types.impl.IrSimpleTypeBuilder::setHasQuestionMark (6 bytes)
Event: 4.894 Thread 0x0000022e7d5a7800 nmethod 7147 0x0000022e07dcaf90 code [0x0000022e07dcb140, 0x0000022e07dcb1f8]

GC Heap History (16 events):
Event: 0.440 GC heap before
{Heap before GC invocations=0 (full 0):
 garbage-first heap   total 131072K, used 27648K [0x0000000081a00000, 0x0000000100000000)
  region size 1024K, 24 young (24576K), 0 survivors (0K)
 Metaspace       used 12389K, capacity 12504K, committed 12800K, reserved 1060864K
  class space    used 1168K, capacity 1207K, committed 1280K, reserved 1048576K
}
Event: 0.443 GC heap after
{Heap after GC invocations=1 (full 0):
 garbage-first heap   total 131072K, used 5762K [0x0000000081a00000, 0x0000000100000000)
  region size 1024K, 3 young (3072K), 3 survivors (3072K)
 Metaspace       used 12389K, capacity 12504K, committed 12800K, reserved 1060864K
  class space    used 1168K, capacity 1207K, committed 1280K, reserved 1048576K
}
Event: 0.908 GC heap before
{Heap before GC invocations=1 (full 0):
 garbage-first heap   total 131072K, used 40578K [0x0000000081a00000, 0x0000000100000000)
  region size 1024K, 38 young (38912K), 3 survivors (3072K)
 Metaspace       used 20921K, capacity 21086K, committed 21296K, reserved 1069056K
  class space    used 2229K, capacity 2312K, committed 2432K, reserved 1048576K
}
Event: 0.917 GC heap after
{Heap after GC invocations=2 (full 0):
 garbage-first heap   total 131072K, used 9216K [0x0000000081a00000, 0x0000000100000000)
  region size 1024K, 6 young (6144K), 6 survivors (6144K)
 Metaspace       used 20921K, capacity 21086K, committed 21296K, reserved 1069056K
  class space    used 2229K, capacity 2312K, committed 2432K, reserved 1048576K
}
Event: 1.593 GC heap before
{Heap before GC invocations=3 (full 0):
 garbage-first heap   total 131072K, used 63488K [0x0000000081a00000, 0x0000000100000000)
  region size 1024K, 54 young (55296K), 6 survivors (6144K)
 Metaspace       used 32705K, capacity 33176K, committed 33456K, reserved 1079296K
  class space    used 4106K, capacity 4310K, committed 4352K, reserved 1048576K
}
Event: 1.604 GC heap after
{Heap after GC invocations=4 (full 0):
 garbage-first heap   total 131072K, used 19916K [0x0000000081a00000, 0x0000000100000000)
  region size 1024K, 7 young (7168K), 7 survivors (7168K)
 Metaspace       used 32705K, capacity 33176K, committed 33456K, reserved 1079296K
  class space    used 4106K, capacity 4310K, committed 4352K, reserved 1048576K
}
Event: 1.749 GC heap before
{Heap before GC invocations=4 (full 0):
 garbage-first heap   total 131072K, used 32204K [0x0000000081a00000, 0x0000000100000000)
  region size 1024K, 20 young (20480K), 7 survivors (7168K)
 Metaspace       used 35389K, capacity 35843K, committed 35920K, reserved 1081344K
  class space    used 4401K, capacity 4602K, committed 4608K, reserved 1048576K
}
Event: 1.762 GC heap after
{Heap after GC invocations=5 (full 0):
 garbage-first heap   total 131072K, used 21991K [0x0000000081a00000, 0x0000000100000000)
  region size 1024K, 2 young (2048K), 2 survivors (2048K)
 Metaspace       used 35389K, capacity 35843K, committed 35920K, reserved 1081344K
  class space    used 4401K, capacity 4602K, committed 4608K, reserved 1048576K
}
Event: 2.343 GC heap before
{Heap before GC invocations=6 (full 0):
 garbage-first heap   total 131072K, used 68071K [0x0000000081a00000, 0x0000000100000000)
  region size 1024K, 47 young (48128K), 2 survivors (2048K)
 Metaspace       used 45381K, capacity 45885K, committed 45980K, reserved 1089536K
  class space    used 5428K, capacity 5639K, committed 5708K, reserved 1048576K
}
Event: 2.350 GC heap after
{Heap after GC invocations=7 (full 0):
 garbage-first heap   total 160768K, used 25400K [0x0000000081a00000, 0x0000000100000000)
  region size 1024K, 6 young (6144K), 6 survivors (6144K)
 Metaspace       used 45381K, capacity 45885K, committed 45980K, reserved 1089536K
  class space    used 5428K, capacity 5639K, committed 5708K, reserved 1048576K
}
Event: 3.012 GC heap before
{Heap before GC invocations=7 (full 0):
 garbage-first heap   total 160768K, used 83768K [0x0000000081a00000, 0x0000000100000000)
  region size 1024K, 62 young (63488K), 6 survivors (6144K)
 Metaspace       used 50046K, capacity 50630K, committed 50844K, reserved 1093632K
  class space    used 5842K, capacity 6086K, committed 6220K, reserved 1048576K
}
Event: 3.026 GC heap after
{Heap after GC invocations=8 (full 0):
 garbage-first heap   total 160768K, used 32339K [0x0000000081a00000, 0x0000000100000000)
  region size 1024K, 8 young (8192K), 8 survivors (8192K)
 Metaspace       used 50046K, capacity 50630K, committed 50844K, reserved 1093632K
  class space    used 5842K, capacity 6086K, committed 6220K, reserved 1048576K
}
Event: 4.263 GC heap before
{Heap before GC invocations=8 (full 0):
 garbage-first heap   total 160768K, used 104019K [0x0000000081a00000, 0x0000000100000000)
  region size 1024K, 78 young (79872K), 8 survivors (8192K)
 Metaspace       used 55734K, capacity 56342K, committed 56604K, reserved 1099776K
  class space    used 6326K, capacity 6577K, committed 6604K, reserved 1048576K
}
Event: 4.290 GC heap after
{Heap after GC invocations=9 (full 0):
 garbage-first heap   total 160768K, used 42196K [0x0000000081a00000, 0x0000000100000000)
  region size 1024K, 10 young (10240K), 10 survivors (10240K)
 Metaspace       used 55734K, capacity 56342K, committed 56604K, reserved 1099776K
  class space    used 6326K, capacity 6577K, committed 6604K, reserved 1048576K
}
Event: 4.760 GC heap before
{Heap before GC invocations=9 (full 0):
 garbage-first heap   total 160768K, used 62676K [0x0000000081a00000, 0x0000000100000000)
  region size 1024K, 31 young (31744K), 10 survivors (10240K)
 Metaspace       used 59654K, capacity 60251K, committed 60316K, reserved 1103872K
  class space    used 6674K, capacity 6941K, committed 6988K, reserved 1048576K
}
Event: 4.789 GC heap after
{Heap after GC invocations=10 (full 0):
 garbage-first heap   total 160768K, used 45390K [0x0000000081a00000, 0x0000000100000000)
  region size 1024K, 3 young (3072K), 3 survivors (3072K)
 Metaspace       used 59654K, capacity 60251K, committed 60316K, reserved 1103872K
  class space    used 6674K, capacity 6941K, committed 6988K, reserved 1048576K
}

Deoptimization events (20 events):
Event: 4.707 Thread 0x0000022e719e9000 DEOPT PACKING pc=0x0000022e07cf0ef8 sp=0x000000ce0f7fd800
Event: 4.707 Thread 0x0000022e719e9000 DEOPT UNPACKING pc=0x0000022e0004a1af sp=0x000000ce0f7fd638 mode 2
Event: 4.709 Thread 0x0000022e719e9000 Uncommon trap: trap_request=0xffffff4d fr.pc=0x0000022e07ae7300 relative=0x0000000000000160
Event: 4.709 Thread 0x0000022e719e9000 Uncommon trap: reason=unstable_if action=reinterpret pc=0x0000022e07ae7300 method=java.lang.StringCoding.hasNegatives([BII)Z @ 12 c2
Event: 4.709 Thread 0x0000022e719e9000 DEOPT PACKING pc=0x0000022e07ae7300 sp=0x000000ce0f7fddf0
Event: 4.709 Thread 0x0000022e719e9000 DEOPT UNPACKING pc=0x0000022e0004a1af sp=0x000000ce0f7fdd80 mode 2
Event: 4.715 Thread 0x0000022e719e9000 Uncommon trap: trap_request=0xffffffc6 fr.pc=0x0000022e07cf0ef8 relative=0x00000000000004d8
Event: 4.715 Thread 0x0000022e719e9000 Uncommon trap: reason=bimorphic_or_optimized_type_check action=maybe_recompile pc=0x0000022e07cf0ef8 method=org.jetbrains.kotlin.types.TypeConstructorSubstitution$Companion$createByConstructorsMap$1.isEmpty()Z @ 4 c2
Event: 4.715 Thread 0x0000022e719e9000 DEOPT PACKING pc=0x0000022e07cf0ef8 sp=0x000000ce0f7fd810
Event: 4.715 Thread 0x0000022e719e9000 DEOPT UNPACKING pc=0x0000022e0004a1af sp=0x000000ce0f7fd648 mode 2
Event: 4.720 Thread 0x0000022e719e9000 Uncommon trap: trap_request=0x0000004b fr.pc=0x0000022e07d65c50 relative=0x0000000000000090
Event: 4.720 Thread 0x0000022e719e9000 Uncommon trap: reason=unloaded action=reinterpret pc=0x0000022e07d65c50 method=org.jetbrains.kotlin.util.collectionUtils.ScopeUtilsKt.concat(Ljava/util/Collection;Ljava/util/Collection;)Ljava/util/Collection; @ 41 c2
Event: 4.720 Thread 0x0000022e719e9000 DEOPT PACKING pc=0x0000022e07d65c50 sp=0x000000ce0f7fe440
Event: 4.720 Thread 0x0000022e719e9000 DEOPT UNPACKING pc=0x0000022e0004a1af sp=0x000000ce0f7fe3d0 mode 2
Event: 4.724 Thread 0x0000022e719e9000 DEOPT PACKING pc=0x0000022e00c0c0f2 sp=0x000000ce0f7fcf90
Event: 4.724 Thread 0x0000022e719e9000 DEOPT UNPACKING pc=0x0000022e0004a95e sp=0x000000ce0f7fc568 mode 0
Event: 4.734 Thread 0x0000022e719e9000 Uncommon trap: trap_request=0xffffffc6 fr.pc=0x0000022e07cef14c relative=0x00000000000001cc
Event: 4.734 Thread 0x0000022e719e9000 Uncommon trap: reason=bimorphic_or_optimized_type_check action=maybe_recompile pc=0x0000022e07cef14c method=org.jetbrains.kotlin.types.TypeConstructorSubstitution$Companion$createByConstructorsMap$1.isEmpty()Z @ 4 c2
Event: 4.734 Thread 0x0000022e719e9000 DEOPT PACKING pc=0x0000022e07cef14c sp=0x000000ce0f7fd700
Event: 4.734 Thread 0x0000022e719e9000 DEOPT UNPACKING pc=0x0000022e0004a1af sp=0x000000ce0f7fd578 mode 2

Classes redefined (0 events):
No events

Internal exceptions (20 events):
Event: 1.707 Thread 0x0000022e719e9000 Exception <a 'java/lang/NoSuchMethodError'{0x000000008919a610}: 'java.lang.Object java.lang.invoke.DirectMethodHandle$Holder.invokeVirtual(java.lang.Object, java.lang.Object, java.lang.Object)'> (0x000000008919a610) thrown at [./src/hotspot/share/interpreter/linkResolver.cpp, line 773]
Event: 2.202 Thread 0x0000022e719e9000 Exception <a 'java/lang/NoSuchMethodError'{0x0000000087215408}: 'java.lang.Object java.lang.invoke.Invokers$Holder.linkToTargetMethod(java.lang.Object, int, java.lang.Object)'> (0x0000000087215408) thrown at [./src/hotspot/share/interpreter/linkResolver.cpp, line 773]
Event: 2.236 Thread 0x0000022e719e9000 Exception <a 'java/lang/NoSuchMethodError'{0x00000000871b5578}: 'java.lang.Object java.lang.invoke.DirectMethodHandle$Holder.invokeStatic(java.lang.Object, java.lang.Object, java.lang.Object, int)'> (0x00000000871b5578) thrown at [./src/hotspot/share/interpreter/linkResolver.cpp, line 773]
Event: 2.236 Thread 0x0000022e719e9000 Exception <a 'java/lang/NoSuchMethodError'{0x00000000871b91e8}: 'java.lang.Object java.lang.invoke.DirectMethodHandle$Holder.invokeSpecial(java.lang.Object, java.lang.Object, java.lang.Object, java.lang.Object, int)'> (0x00000000871b91e8) thrown at [./src/hotspot/share/interpreter/linkResolver.cpp, line 773]
Event: 2.236 Thread 0x0000022e719e9000 Exception <a 'java/lang/NoSuchMethodError'{0x00000000871bc4f8}: 'java.lang.Object java.lang.invoke.Invokers$Holder.linkToTargetMethod(java.lang.Object, java.lang.Object, int, java.lang.Object)'> (0x00000000871bc4f8) thrown at [./src/hotspot/share/interpreter/linkResolver.cpp, line 773]
Event: 2.920 Thread 0x0000022e719e9000 Exception <a 'java/lang/NoSuchMethodError'{0x0000000088262288}: 'java.lang.Object java.lang.invoke.DirectMethodHandle$Holder.invokeStaticInit(java.lang.Object, java.lang.Object, java.lang.Object)'> (0x0000000088262288) thrown at [./src/hotspot/share/interpreter/linkResolver.cpp, line 773]
Event: 3.385 Thread 0x0000022e719e9000 Implicit null exception at 0x0000022e07b6dff5 to 0x0000022e07b6e1cc
Event: 3.588 Thread 0x0000022e719e9000 Exception <a 'java/lang/NoSuchMethodError'{0x000000008997af90}: 'int java.lang.invoke.DirectMethodHandle$Holder.invokeInterface(java.lang.Object, java.lang.Object)'> (0x000000008997af90) thrown at [./src/hotspot/share/interpreter/linkResolver.cpp, line 773]
Event: 3.702 Thread 0x0000022e719e9000 Exception <a 'java/lang/NoSuchMethodError'{0x0000000088d6d860}: 'java.lang.Object java.lang.invoke.Invokers$Holder.linkToTargetMethod(java.lang.Object, java.lang.Object, java.lang.Object, int, int, java.lang.Object)'> (0x0000000088d6d860) thrown at [./src/hotspot/share/interpreter/linkResolver.cpp, line 773]
Event: 3.714 Thread 0x0000022e719e9000 Exception <a 'java/lang/NoSuchMethodError'{0x0000000088df8630}: 'java.lang.Object java.lang.invoke.Invokers$Holder.linkToTargetMethod(java.lang.Object, java.lang.Object, java.lang.Object, java.lang.Object, java.lang.Object, java.lang.Object)'> (0x0000000088df8630) thrown at [./src/hotspot/share/interpreter/linkResolver.cpp, line 773]
Event: 3.717 Thread 0x0000022e719e9000 Implicit null exception at 0x0000022e07c904b1 to 0x0000022e07c90850
Event: 3.870 Thread 0x0000022e719e9000 Implicit null exception at 0x0000022e07b2e0de to 0x0000022e07b2e84a
Event: 3.870 Thread 0x0000022e719e9000 Implicit null exception at 0x0000022e07b135af to 0x0000022e07b1361d
Event: 3.900 Thread 0x0000022e719e9000 Implicit null exception at 0x0000022e07bf884c to 0x0000022e07bf8928
Event: 3.921 Thread 0x0000022e719e9000 Exception <a 'java/lang/NoSuchMethodError'{0x0000000087300410}: 'java.lang.Object java.lang.invoke.DirectMethodHandle$Holder.invokeInterface(java.lang.Object, java.lang.Object, java.lang.Object)'> (0x0000000087300410) thrown at [./src/hotspot/share/interpreter/linkResolver.cpp, line 773]
Event: 3.921 Thread 0x0000022e719e9000 Exception <a 'java/lang/IncompatibleClassChangeError'{0x0000000087303900}: Found class java.lang.Object, but interface was expected> (0x0000000087303900) thrown at [./src/hotspot/share/interpreter/linkResolver.cpp, line 839]
Event: 4.070 Thread 0x0000022e719e9000 Exception <a 'java/lang/NoSuchMethodError'{0x0000000086f129f0}: 'int java.lang.invoke.DirectMethodHandle$Holder.invokeStaticInit(java.lang.Object, int)'> (0x0000000086f129f0) thrown at [./src/hotspot/share/interpreter/linkResolver.cpp, line 773]
Event: 4.192 Thread 0x0000022e719e9000 Exception <a 'java/lang/NoSuchMethodError'{0x0000000086a87bf0}: 'java.lang.Object java.lang.invoke.DirectMethodHandle$Holder.invokeStatic(java.lang.Object, int, java.lang.Object, java.lang.Object)'> (0x0000000086a87bf0) thrown at [./src/hotspot/share/interpreter/linkResolver.cpp, line 773]
Event: 4.509 Thread 0x0000022e719e9000 Implicit null exception at 0x0000022e07b28575 to 0x0000022e07b2873c
Event: 4.756 Thread 0x0000022e719e9000 Exception <a 'java/lang/NoSuchMethodError'{0x000000008a26a388}: 'int java.lang.invoke.DirectMethodHandle$Holder.invokeStaticInit(java.lang.Object, java.lang.Object, java.lang.Object, java.lang.Object)'> (0x000000008a26a388) thrown at [./src/hotspot/share/interpreter/linkResolver.cpp, line 773]

Events (20 events):
Event: 4.889 loading class org/jetbrains/kotlin/ir/expressions/impl/IrConstImpl$Companion
Event: 4.889 loading class org/jetbrains/kotlin/ir/expressions/impl/IrConstImpl$Companion done
Event: 4.890 loading class org/jetbrains/kotlin/ir/expressions/IrConstKind$Boolean
Event: 4.890 loading class org/jetbrains/kotlin/ir/expressions/IrConstKind$Boolean done
Event: 4.890 loading class org/jetbrains/kotlin/ir/expressions/IrConstKind
Event: 4.890 loading class org/jetbrains/kotlin/ir/expressions/IrConstKind done
Event: 4.891 loading class org/jetbrains/kotlin/psi2ir/generators/CallGenerator$generatePropertyGetterCall$2
Event: 4.891 loading class org/jetbrains/kotlin/psi2ir/generators/CallGenerator$generatePropertyGetterCall$2 done
Event: 4.892 loading class org/jetbrains/kotlin/ir/expressions/IrConstKind$Int
Event: 4.892 loading class org/jetbrains/kotlin/ir/expressions/IrConstKind$Int done
Event: 4.893 loading class org/jetbrains/kotlin/ir/util/SymbolTable$declareVariable$1
Event: 4.893 loading class org/jetbrains/kotlin/ir/util/SymbolTable$declareVariable$1 done
Event: 4.893 loading class org/jetbrains/kotlin/ir/symbols/impl/IrVariableSymbolImpl
Event: 4.893 loading class org/jetbrains/kotlin/ir/symbols/impl/IrVariableSymbolImpl done
Event: 4.894 loading class org/jetbrains/kotlin/ir/symbols/IrVariableSymbol
Event: 4.894 loading class org/jetbrains/kotlin/ir/symbols/IrVariableSymbol done
Event: 4.894 loading class org/jetbrains/kotlin/ir/declarations/impl/IrVariableImpl
Event: 4.894 loading class org/jetbrains/kotlin/ir/declarations/impl/IrVariableImpl done
Event: 4.894 loading class org/jetbrains/kotlin/ir/declarations/IrVariable
Event: 4.894 loading class org/jetbrains/kotlin/ir/declarations/IrVariable done


Dynamic libraries:
0x00007ff6c6c10000 - 0x00007ff6c6c1a000 	C:\Program Files\Android\Android Studio\jre\bin\java.exe
0x00007ff84e750000 - 0x00007ff84e945000 	C:\Windows\SYSTEM32\ntdll.dll
0x00007ff84d940000 - 0x00007ff84d9fd000 	C:\Windows\System32\KERNEL32.DLL
0x00007ff84c4d0000 - 0x00007ff84c79d000 	C:\Windows\System32\KERNELBASE.dll
0x00007ff84bf70000 - 0x00007ff84c070000 	C:\Windows\System32\ucrtbase.dll
0x00007ff821a40000 - 0x00007ff821a59000 	C:\Program Files\Android\Android Studio\jre\bin\jli.dll
0x00007ff824cb0000 - 0x00007ff824cc7000 	C:\Program Files\Android\Android Studio\jre\bin\VCRUNTIME140.dll
0x00007ff84e4e0000 - 0x00007ff84e680000 	C:\Windows\System32\USER32.dll
0x00007ff84c340000 - 0x00007ff84c362000 	C:\Windows\System32\win32u.dll
0x00007ff8304f0000 - 0x00007ff83078a000 	C:\Windows\WinSxS\amd64_microsoft.windows.common-controls_6595b64144ccf1df_6.0.19041.1110_none_60b5254171f9507e\COMCTL32.dll
0x00007ff84ce90000 - 0x00007ff84ceba000 	C:\Windows\System32\GDI32.dll
0x00007ff84cec0000 - 0x00007ff84cf5e000 	C:\Windows\System32\msvcrt.dll
0x00007ff84c070000 - 0x00007ff84c17b000 	C:\Windows\System32\gdi32full.dll
0x00007ff84bed0000 - 0x00007ff84bf6d000 	C:\Windows\System32\msvcp_win.dll
0x00007ff84d8f0000 - 0x00007ff84d920000 	C:\Windows\System32\IMM32.DLL
0x00007ff80baf0000 - 0x00007ff80bb8d000 	C:\Program Files\Android\Android Studio\jre\bin\msvcp140.dll
0x00007ff80c760000 - 0x00007ff80d245000 	C:\Program Files\Android\Android Studio\jre\bin\server\jvm.dll
0x00007ff84c7a0000 - 0x00007ff84c84e000 	C:\Windows\System32\ADVAPI32.dll
0x00007ff84ca60000 - 0x00007ff84cafc000 	C:\Windows\System32\sechost.dll
0x00007ff84cb00000 - 0x00007ff84cc25000 	C:\Windows\System32\RPCRT4.dll
0x00007ff84e150000 - 0x00007ff84e158000 	C:\Windows\System32\PSAPI.DLL
0x00007ff8483f0000 - 0x00007ff8483f9000 	C:\Windows\SYSTEM32\WSOCK32.dll
0x00007ff830290000 - 0x00007ff8302b7000 	C:\Windows\SYSTEM32\WINMM.dll
0x00007ff84e290000 - 0x00007ff84e2fb000 	C:\Windows\System32\WS2_32.dll
0x00007ff845a80000 - 0x00007ff845a8a000 	C:\Windows\SYSTEM32\VERSION.dll
0x00007ff849d40000 - 0x00007ff849d52000 	C:\Windows\SYSTEM32\kernel.appcore.dll
0x00007ff848380000 - 0x00007ff848391000 	C:\Program Files\Android\Android Studio\jre\bin\verify.dll
0x00007ff835570000 - 0x00007ff835754000 	C:\Windows\SYSTEM32\DBGHELP.DLL
0x00007ff835240000 - 0x00007ff83526c000 	C:\Windows\SYSTEM32\dbgcore.DLL
0x00007ff84c180000 - 0x00007ff84c202000 	C:\Windows\System32\bcryptPrimitives.dll
0x00007ff8463a0000 - 0x00007ff8463c9000 	C:\Program Files\Android\Android Studio\jre\bin\java.dll
0x00007ff846ac0000 - 0x00007ff846acb000 	C:\Program Files\Android\Android Studio\jre\bin\jimage.dll
0x00007ff8462b0000 - 0x00007ff8462c8000 	C:\Program Files\Android\Android Studio\jre\bin\zip.dll
0x00007ff84da00000 - 0x00007ff84e144000 	C:\Windows\System32\SHELL32.dll
0x00007ff849f40000 - 0x00007ff84a6d4000 	C:\Windows\SYSTEM32\windows.storage.dll
0x00007ff84cfd0000 - 0x00007ff84d324000 	C:\Windows\System32\combase.dll
0x00007ff84b7e0000 - 0x00007ff84b80c000 	C:\Windows\SYSTEM32\Wldp.dll
0x00007ff84d830000 - 0x00007ff84d8dd000 	C:\Windows\System32\SHCORE.dll
0x00007ff84cc30000 - 0x00007ff84cc85000 	C:\Windows\System32\shlwapi.dll
0x00007ff84bda0000 - 0x00007ff84bdbf000 	C:\Windows\SYSTEM32\profapi.dll
0x00007ff846170000 - 0x00007ff84618a000 	C:\Program Files\Android\Android Studio\jre\bin\net.dll
0x00007ff844020000 - 0x00007ff84412a000 	C:\Windows\SYSTEM32\WINHTTP.dll
0x00007ff84b5c0000 - 0x00007ff84b62a000 	C:\Windows\system32\mswsock.dll
0x00007ff846150000 - 0x00007ff846164000 	C:\Program Files\Android\Android Studio\jre\bin\nio.dll

dbghelp: loaded successfully - version: 4.0.5 - missing functions: none
symbol engine: initialized successfully - sym options: 0x614 - pdb path: .;C:\Program Files\Android\Android Studio\jre\bin;C:\Windows\SYSTEM32;C:\Windows\WinSxS\amd64_microsoft.windows.common-controls_6595b64144ccf1df_6.0.19041.1110_none_60b5254171f9507e;C:\Program Files\Android\Android Studio\jre\bin\server

VM Arguments:
java_command: org.jetbrains.kotlin.cli.jvm.K2JVMCompiler @C:\Users\Turonbank\AndroidStudioProjects\ebayKotlin\app\build\20220523_6100326776751925302.compiler.options
java_class_path (initial): C:\Users\Turonbank\.gradle\caches\modules-2\files-2.1\org.jetbrains.kotlin\kotlin-compiler-embeddable\1.6.21\97bdd5a752ce73b58ef16c17bc7f0ea2faff7a2e\kotlin-compiler-embeddable-1.6.21.jar;C:\Users\Turonbank\.gradle\caches\modules-2\files-2.1\org.jetbrains.kotlin\kotlin-reflect\1.6.21\5dc3574d9b7bebfcb4ec6b10ada4aaa9e140bd0b\kotlin-reflect-1.6.21.jar;C:\Users\Turonbank\.gradle\caches\modules-2\files-2.1\org.jetbrains.kotlin\kotlin-stdlib\1.6.21\11ef67f1900634fd951bad28c53ec957fabbe5b8\kotlin-stdlib-1.6.21.jar;C:\Users\Turonbank\.gradle\caches\modules-2\files-2.1\org.jetbrains.kotlin\kotlin-script-runtime\1.6.21\99c6675100da5d6d5b1c5a1032f27f28008d101b\kotlin-script-runtime-1.6.21.jar;C:\Users\Turonbank\.gradle\caches\modules-2\files-2.1\org.jetbrains.kotlin\kotlin-daemon-embeddable\1.6.21\46b78cf392e1c4f10854c3cadba44abb7b82250f\kotlin-daemon-embeddable-1.6.21.jar;C:\Users\Turonbank\.gradle\caches\modules-2\files-2.1\org.jetbrains.intellij.deps\trove4j\1.0.20200330\3afb14d5f9ceb459d724e907a21145e8ff394f02\trove4j-1.0.20200330.jar;C:\Users\Turonbank\.gradle\caches\modules-2\files-2.1\net.java.dev.jna\jna\5.6.0\330f2244e9030119ab3030fc3fededc86713d9cc\jna-5.6.0.jar;C:\Users\Turonbank\.gradle\caches\modules-2\files-2.1\org.jetbrains.kotlin\kotlin-stdlib-common\1.6.21\5e5b55c26dbc80372a920aef60eb774b714559b8\kotlin-stdlib-common-1.6.21.jar;C:\Users\Turonbank\.gradle\caches\modules-2\files-2.1\org.jetbrains\annotations\13.0\919f0dfe192fb4e063e7dacadee7f8bb9a2672a9\annotations-13.0.jar
Launcher Type: SUN_STANDARD

[Global flags]
     intx CICompilerCount                          = 4                                         {product} {ergonomic}
     uint ConcGCThreads                            = 2                                         {product} {ergonomic}
     uint G1ConcRefinementThreads                  = 8                                         {product} {ergonomic}
   size_t G1HeapRegionSize                         = 1048576                                   {product} {ergonomic}
    uintx GCDrainStackTargetSize                   = 64                                        {product} {ergonomic}
   size_t InitialHeapSize                          = 134217728                                 {product} {ergonomic}
   size_t MarkStackSize                            = 4194304                                   {product} {ergonomic}
   size_t MaxHeapSize                              = 2120220672                                {product} {ergonomic}
   size_t MaxNewSize                               = 1271922688                                {product} {ergonomic}
   size_t MinHeapDeltaBytes                        = 1048576                                   {product} {ergonomic}
    uintx NonNMethodCodeHeapSize                   = 5836300                                {pd product} {ergonomic}
    uintx NonProfiledCodeHeapSize                  = 122910970                              {pd product} {ergonomic}
    uintx ProfiledCodeHeapSize                     = 122910970                              {pd product} {ergonomic}
    uintx ReservedCodeCacheSize                    = 251658240                              {pd product} {ergonomic}
     bool SegmentedCodeCache                       = true                                      {product} {ergonomic}
     bool UseCompressedClassPointers               = true                                 {lp64_product} {ergonomic}
     bool UseCompressedOops                        = true                                 {lp64_product} {ergonomic}
     bool UseG1GC                                  = true                                      {product} {ergonomic}
     bool UseLargePagesIndividualAllocation        = false                                  {pd product} {ergonomic}

Logging:
Log output configuration:
 #0: stdout all=warning uptime,level,tags
 #1: stderr all=off uptime,level,tags

Environment Variables:
PATH=C:\Program Files\Common Files\Oracle\Java\javapath;C:\Program Files (x86)\Common Files\Oracle\Java\javapath;C:\Windows\system32;C:\Windows;C:\Windows\System32\Wbem;C:\Windows\System32\WindowsPowerShell\v1.0\;C:\Windows\System32\OpenSSH\;C:\Users\Turonbank\AppData\Local\Microsoft\WindowsApps;C:\Users\Turonbank\AppData\Local\Programs\Git\cmd
USERNAME=Turonbank
OS=Windows_NT
PROCESSOR_IDENTIFIER=Intel64 Family 6 Model 165 Stepping 3, GenuineIntel



---------------  S Y S T E M  ---------------

OS: Windows 10 , 64 bit Build 19041 (10.0.19041.1706)
OS uptime: 0 days 6:01 hours
Hyper-V role detected

CPU:total 8 (initial active 8) (4 cores per cpu, 2 threads per core) family 6 model 165 stepping 3 microcode 0xcc, cmov, cx8, fxsr, mmx, sse, sse2, sse3, ssse3, sse4.1, sse4.2, popcnt, avx, avx2, aes, clmul, erms, 3dnowpref, lzcnt, ht, tsc, tscinvbit, bmi1, bmi2, adx, fma

Memory: 4k page, system-wide physical 8085M (467M free)
TotalPageFile size 10133M (AvailPageFile size 5M)
current process WorkingSet (physical memory assigned to process): 317M, peak: 317M
current process commit charge ("private bytes"): 380M, peak: 381M

vm_info: OpenJDK 64-Bit Server VM (11.0.12+7-b1504.28-7817840) for windows-amd64 JRE (11.0.12+7-b1504.28-7817840), built on Oct 13 2021 22:12:33 by "builder" with MS VC++ 14.0 (VS2015)

END.
