#
# There is insufficient memory for the Java Runtime Environment to continue.
# Native memory allocation (mmap) failed to map 38797312 bytes for Failed to commit area from 0x000000008b700000 to 0x000000008dc00000 of length 38797312.
# Possible reasons:
#   The system is out of physical RAM or swap space
#   The process is running with CompressedOops enabled, and the Java Heap may be blocking the growth of the native heap
# Possible solutions:
#   Reduce memory load on the system
#   Increase physical memory or swap space
#   Check if swap backing store is full
#   Decrease Java heap size (-Xmx/-Xms)
#   Decrease number of Java threads
#   Decrease Java thread stack sizes (-Xss)
#   Set larger code cache with -XX:ReservedCodeCacheSize=
#   JVM is running with Unscaled Compressed Oops mode in which the Java heap is
#     placed in the first 4GB address space. The Java Heap base address is the
#     maximum limit for the native heap growth. Please use -XX:HeapBaseMinAddress
#     to set the Java Heap base and to place the Java Heap above 4GB virtual address.
# This output file may be truncated or incomplete.
#
#  Out of Memory Error (./src/hotspot/os/windows/os_windows.cpp:3521), pid=4372, tid=7568
#
# JRE version: OpenJDK Runtime Environment (11.0.12+7) (build 11.0.12+7-b1504.28-7817840)
# Java VM: OpenJDK 64-Bit Server VM (11.0.12+7-b1504.28-7817840, mixed mode, tiered, compressed oops, g1 gc, windows-amd64)
# No core dump will be written. Minidumps are not enabled by default on client versions of Windows
#

---------------  S U M M A R Y ------------

Command Line: org.jetbrains.kotlin.cli.jvm.K2JVMCompiler @C:\Users\Turonbank\AndroidStudioProjects\ebayKotlin\app\build\20220523_10513841724914835410.compiler.options

Host: Intel(R) Core(TM) i3-10100 CPU @ 3.60GHz, 8 cores, 7G,  Windows 10 , 64 bit Build 19041 (10.0.19041.1706)
Time: Mon May 23 14:41:25 2022 Западная Азия (зима) elapsed time: 6.098135 seconds (0d 0h 0m 6s)

---------------  T H R E A D  ---------------

Current thread (0x0000027146f33800):  VMThread "VM Thread" [stack: 0x000000a0c6300000,0x000000a0c6400000] [id=7568]

Stack: [0x000000a0c6300000,0x000000a0c6400000]
[error occurred during error reporting (printing stack bounds), id 0xc0000005, EXCEPTION_ACCESS_VIOLATION (0xc0000005) at pc=0x000002712fe9112d]

Native frames: (J=compiled Java code, j=interpreted, Vv=VM code, C=native code)
V  [jvm.dll+0x5fbcea]
V  [jvm.dll+0x731905]
V  [jvm.dll+0x732f1d]
V  [jvm.dll+0x733535]
V  [jvm.dll+0x7334eb]
V  [jvm.dll+0x5fb080]
V  [jvm.dll+0x5fb818]
C  [ntdll.dll+0xa209f]
C  [ntdll.dll+0x51454]
C  [ntdll.dll+0xa0bce]
C  0x000002712fe9112d

VM_Operation (0x000000a0c5dfd400): G1CollectForAllocation, mode: safepoint, requested by thread 0x000002712c37c000


---------------  P R O C E S S  ---------------

Threads class SMR info:
_java_thread_list=0x000002714a9cd310, length=12, elements={
0x000002712c37c000, 0x0000027146f46000, 0x0000027146f3d000, 0x00000271477c8800,
0x00000271477c9800, 0x00000271477cb000, 0x00000271477cf000, 0x00000271477d3800,
0x00000271477dc800, 0x000002714792e000, 0x000002714792a800, 0x0000027147929800
}

Java Threads: ( => current thread )
  0x000002712c37c000 JavaThread "main" [_thread_blocked, id=9344, stack(0x000000a0c5d00000,0x000000a0c5e00000)]
  0x0000027146f46000 JavaThread "Reference Handler" daemon [_thread_blocked, id=5452, stack(0x000000a0c6400000,0x000000a0c6500000)]
  0x0000027146f3d000 JavaThread "Finalizer" daemon [_thread_blocked, id=9404, stack(0x000000a0c6500000,0x000000a0c6600000)]
  0x00000271477c8800 JavaThread "Signal Dispatcher" daemon [_thread_blocked, id=9696, stack(0x000000a0c6600000,0x000000a0c6700000)]
  0x00000271477c9800 JavaThread "Attach Listener" daemon [_thread_blocked, id=8240, stack(0x000000a0c6700000,0x000000a0c6800000)]
  0x00000271477cb000 JavaThread "Service Thread" daemon [_thread_blocked, id=9936, stack(0x000000a0c6800000,0x000000a0c6900000)]
  0x00000271477cf000 JavaThread "C2 CompilerThread0" daemon [_thread_in_native, id=1736, stack(0x000000a0c6900000,0x000000a0c6a00000)]
  0x00000271477d3800 JavaThread "C1 CompilerThread0" daemon [_thread_blocked, id=4252, stack(0x000000a0c6a00000,0x000000a0c6b00000)]
  0x00000271477dc800 JavaThread "Sweeper thread" daemon [_thread_blocked, id=3436, stack(0x000000a0c6b00000,0x000000a0c6c00000)]
  0x000002714792e000 JavaThread "Common-Cleaner" daemon [_thread_blocked, id=5508, stack(0x000000a0c6d00000,0x000000a0c6e00000)]
  0x000002714792a800 JavaThread "C2 CompilerThread1" daemon [_thread_blocked, id=7856, stack(0x000000a0c6e00000,0x000000a0c6f00000)]
  0x0000027147929800 JavaThread "C2 CompilerThread2" daemon [_thread_blocked, id=1900, stack(0x000000a0c6f00000,0x000000a0c7000000)]

Other Threads:
=>0x0000027146f33800 VMThread "VM Thread" [stack: 0x000000a0c6300000,0x000000a0c6400000] [id=7568]
  0x0000027147928800 WatcherThread [stack: 0x000000a0c6c00000,0x000000a0c6d00000] [id=10560]
  0x000002712c393800 GCTaskThread "GC Thread#0" [stack: 0x000000a0c5e00000,0x000000a0c5f00000] [id=7564]
  0x0000027148098800 GCTaskThread "GC Thread#1" [stack: 0x000000a0c7000000,0x000000a0c7100000] [id=7872]
  0x0000027147f5c000 GCTaskThread "GC Thread#2" [stack: 0x000000a0c7100000,0x000000a0c7200000] [id=7628]
  0x000002712c3c3000 ConcurrentGCThread "G1 Main Marker" [stack: 0x000000a0c5f00000,0x000000a0c6000000] [id=3776]
  0x000002712c3c5800 ConcurrentGCThread "G1 Conc#0" [stack: 0x000000a0c6000000,0x000000a0c6100000] [id=5540]
  0x0000027148459800 ConcurrentGCThread "G1 Conc#1" [stack: 0x000000a0c7200000,0x000000a0c7300000] [id=6400]
  0x0000027146d97800 ConcurrentGCThread "G1 Refine#0" [stack: 0x000000a0c6100000,0x000000a0c6200000] [id=7704]
  0x0000027146d98000 ConcurrentGCThread "G1 Young RemSet Sampling" [stack: 0x000000a0c6200000,0x000000a0c6300000] [id=6452]

Threads with active compile tasks:
C2 CompilerThread0   6104 8342       4       org.jetbrains.kotlin.backend.common.serialization.mangle.descriptor.DescriptorMangleComputer::mangleType (573 bytes)
C1 CompilerThread0   6104 8439       3       org.jetbrains.kotlin.types.AbstractTypeApproximator::approximateParametrizedType (1361 bytes)
C2 CompilerThread1   6104 8429   !   4       org.jetbrains.kotlin.ir.util.SymbolTable::referenceClass (194 bytes)
C2 CompilerThread2   6104 8434       4       org.jetbrains.kotlin.load.java.structure.impl.classFiles.BinaryJavaMethodBase::findAnnotation (6 bytes)

VM state:at safepoint (normal execution)

VM Mutex/Monitor currently owned by a thread:  ([mutex/lock_event])
[0x000002712c3788c0] Threads_lock - owner thread: 0x0000027146f33800
[0x000002712c378560] Heap_lock - owner thread: 0x000002712c37c000

Heap address: 0x0000000081a00000, size: 2022 MB, Compressed Oops mode: 32-bit
Narrow klass base: 0x0000000000000000, Narrow klass shift: 3
Compressed class space size: 1073741824 Address: 0x0000000100000000

Heap:
 garbage-first heap   total 198656K, used 51694K [0x0000000081a00000, 0x0000000100000000)
  region size 1024K, 9 young (9216K), 9 survivors (9216K)
 Metaspace       used 67714K, capacity 68354K, committed 68432K, reserved 1110016K
  class space    used 7501K, capacity 7743K, committed 7756K, reserved 1048576K
Heap Regions: E=young(eden), S=young(survivor), O=old, HS=humongous(starts), HC=humongous(continues), CS=collection set, F=free, A=archive, TAMS=top-at-mark-start (previous, next)
|   0|0x0000000081a00000, 0x0000000081b00000, 0x0000000081b00000|100%|HS|  |TAMS 0x0000000081b00000, 0x0000000081b00000| Complete 
|   1|0x0000000081b00000, 0x0000000081c00000, 0x0000000081c00000|100%|HC|  |TAMS 0x0000000081c00000, 0x0000000081c00000| Complete 
|   2|0x0000000081c00000, 0x0000000081d00000, 0x0000000081d00000|100%|HC|  |TAMS 0x0000000081d00000, 0x0000000081d00000| Complete 
|   3|0x0000000081d00000, 0x0000000081e00000, 0x0000000081e00000|100%|HS|  |TAMS 0x0000000081e00000, 0x0000000081e00000| Complete 
|   4|0x0000000081e00000, 0x0000000081f00000, 0x0000000081f00000|100%|HC|  |TAMS 0x0000000081f00000, 0x0000000081f00000| Complete 
|   5|0x0000000081f00000, 0x0000000082000000, 0x0000000082000000|100%|HC|  |TAMS 0x0000000082000000, 0x0000000082000000| Complete 
|   6|0x0000000082000000, 0x0000000082100000, 0x0000000082100000|100%|HS|  |TAMS 0x0000000082100000, 0x0000000082100000| Complete 
|   7|0x0000000082100000, 0x0000000082200000, 0x0000000082200000|100%|HC|  |TAMS 0x0000000082200000, 0x0000000082200000| Complete 
|   8|0x0000000082200000, 0x0000000082300000, 0x0000000082300000|100%| O|  |TAMS 0x0000000082300000, 0x0000000082300000| Untracked 
|   9|0x0000000082300000, 0x0000000082400000, 0x0000000082400000|100%| O|  |TAMS 0x0000000082400000, 0x0000000082400000| Untracked 
|  10|0x0000000082400000, 0x0000000082500000, 0x0000000082500000|100%| O|  |TAMS 0x0000000082500000, 0x0000000082500000| Untracked 
|  11|0x0000000082500000, 0x0000000082600000, 0x0000000082600000|100%| O|  |TAMS 0x0000000082600000, 0x0000000082600000| Untracked 
|  12|0x0000000082600000, 0x0000000082700000, 0x0000000082700000|100%| O|  |TAMS 0x0000000082700000, 0x0000000082700000| Untracked 
|  13|0x0000000082700000, 0x0000000082800000, 0x0000000082800000|100%| O|  |TAMS 0x0000000082800000, 0x0000000082800000| Untracked 
|  14|0x0000000082800000, 0x0000000082900000, 0x0000000082900000|100%| O|  |TAMS 0x0000000082900000, 0x0000000082900000| Untracked 
|  15|0x0000000082900000, 0x0000000082a00000, 0x0000000082a00000|100%| O|  |TAMS 0x0000000082a00000, 0x0000000082a00000| Untracked 
|  16|0x0000000082a00000, 0x0000000082b00000, 0x0000000082b00000|100%| O|  |TAMS 0x0000000082b00000, 0x0000000082b00000| Untracked 
|  17|0x0000000082b00000, 0x0000000082c00000, 0x0000000082c00000|100%| O|  |TAMS 0x0000000082c00000, 0x0000000082c00000| Untracked 
|  18|0x0000000082c00000, 0x0000000082d00000, 0x0000000082d00000|100%| O|  |TAMS 0x0000000082d00000, 0x0000000082d00000| Untracked 
|  19|0x0000000082d00000, 0x0000000082e00000, 0x0000000082e00000|100%| O|  |TAMS 0x0000000082e00000, 0x0000000082e00000| Untracked 
|  20|0x0000000082e00000, 0x0000000082f00000, 0x0000000082f00000|100%| O|  |TAMS 0x0000000082f00000, 0x0000000082f00000| Untracked 
|  21|0x0000000082f00000, 0x0000000083000000, 0x0000000083000000|100%| O|  |TAMS 0x0000000083000000, 0x0000000083000000| Untracked 
|  22|0x0000000083000000, 0x0000000083100000, 0x0000000083100000|100%| O|  |TAMS 0x0000000083100000, 0x0000000083100000| Untracked 
|  23|0x0000000083100000, 0x0000000083200000, 0x0000000083200000|100%| O|  |TAMS 0x0000000083200000, 0x0000000083200000| Untracked 
|  24|0x0000000083200000, 0x0000000083300000, 0x0000000083300000|100%| O|  |TAMS 0x0000000083300000, 0x0000000083300000| Untracked 
|  25|0x0000000083300000, 0x0000000083400000, 0x0000000083400000|100%| O|  |TAMS 0x0000000083400000, 0x0000000083400000| Untracked 
|  26|0x0000000083400000, 0x0000000083500000, 0x0000000083500000|100%| O|  |TAMS 0x0000000083500000, 0x0000000083500000| Untracked 
|  27|0x0000000083500000, 0x0000000083600000, 0x0000000083600000|100%| O|  |TAMS 0x0000000083600000, 0x0000000083600000| Untracked 
|  28|0x0000000083600000, 0x0000000083700000, 0x0000000083700000|100%| O|  |TAMS 0x0000000083700000, 0x0000000083700000| Untracked 
|  29|0x0000000083700000, 0x0000000083800000, 0x0000000083800000|100%| O|  |TAMS 0x0000000083800000, 0x0000000083800000| Untracked 
|  30|0x0000000083800000, 0x0000000083900000, 0x0000000083900000|100%| O|  |TAMS 0x0000000083900000, 0x0000000083900000| Untracked 
|  31|0x0000000083900000, 0x0000000083a00000, 0x0000000083a00000|100%| O|  |TAMS 0x0000000083a00000, 0x0000000083a00000| Untracked 
|  32|0x0000000083a00000, 0x0000000083b00000, 0x0000000083b00000|100%| O|  |TAMS 0x0000000083b00000, 0x0000000083b00000| Untracked 
|  33|0x0000000083b00000, 0x0000000083c00000, 0x0000000083c00000|100%| O|  |TAMS 0x0000000083c00000, 0x0000000083c00000| Untracked 
|  34|0x0000000083c00000, 0x0000000083d00000, 0x0000000083d00000|100%| O|  |TAMS 0x0000000083d00000, 0x0000000083d00000| Untracked 
|  35|0x0000000083d00000, 0x0000000083e00000, 0x0000000083e00000|100%| O|  |TAMS 0x0000000083e00000, 0x0000000083e00000| Untracked 
|  36|0x0000000083e00000, 0x0000000083f00000, 0x0000000083f00000|100%| O|  |TAMS 0x0000000083f00000, 0x0000000083f00000| Untracked 
|  37|0x0000000083f00000, 0x0000000084000000, 0x0000000084000000|100%| O|  |TAMS 0x0000000084000000, 0x0000000084000000| Untracked 
|  38|0x0000000084000000, 0x0000000084100000, 0x0000000084100000|100%| O|  |TAMS 0x0000000084100000, 0x0000000084100000| Untracked 
|  39|0x0000000084100000, 0x0000000084200000, 0x0000000084200000|100%| O|  |TAMS 0x0000000084200000, 0x0000000084200000| Untracked 
|  40|0x0000000084200000, 0x0000000084300000, 0x0000000084300000|100%| O|  |TAMS 0x0000000084200000, 0x0000000084300000| Untracked 
|  41|0x0000000084300000, 0x000000008437ba00, 0x0000000084400000| 48%| O|  |TAMS 0x0000000084300000, 0x000000008437ba00| Untracked 
|  42|0x0000000084400000, 0x0000000084400000, 0x0000000084500000|  0%| F|  |TAMS 0x0000000084400000, 0x0000000084400000| Untracked 
|  43|0x0000000084500000, 0x0000000084500000, 0x0000000084600000|  0%| F|  |TAMS 0x0000000084500000, 0x0000000084500000| Untracked 
|  44|0x0000000084600000, 0x0000000084600000, 0x0000000084700000|  0%| F|  |TAMS 0x0000000084600000, 0x0000000084600000| Untracked 
|  45|0x0000000084700000, 0x0000000084700000, 0x0000000084800000|  0%| F|  |TAMS 0x0000000084700000, 0x0000000084700000| Untracked 
|  46|0x0000000084800000, 0x0000000084800000, 0x0000000084900000|  0%| F|  |TAMS 0x0000000084800000, 0x0000000084800000| Untracked 
|  47|0x0000000084900000, 0x0000000084900000, 0x0000000084a00000|  0%| F|  |TAMS 0x0000000084900000, 0x0000000084900000| Untracked 
|  48|0x0000000084a00000, 0x0000000084a00000, 0x0000000084b00000|  0%| F|  |TAMS 0x0000000084a00000, 0x0000000084a00000| Untracked 
|  49|0x0000000084b00000, 0x0000000084b00000, 0x0000000084c00000|  0%| F|  |TAMS 0x0000000084b00000, 0x0000000084b00000| Untracked 
|  50|0x0000000084c00000, 0x0000000084c00000, 0x0000000084d00000|  0%| F|  |TAMS 0x0000000084c00000, 0x0000000084c00000| Untracked 
|  51|0x0000000084d00000, 0x0000000084d00000, 0x0000000084e00000|  0%| F|  |TAMS 0x0000000084d00000, 0x0000000084d00000| Untracked 
|  52|0x0000000084e00000, 0x0000000084e00000, 0x0000000084f00000|  0%| F|  |TAMS 0x0000000084e00000, 0x0000000084e00000| Untracked 
|  53|0x0000000084f00000, 0x0000000084f00000, 0x0000000085000000|  0%| F|  |TAMS 0x0000000084f00000, 0x0000000084f00000| Untracked 
|  54|0x0000000085000000, 0x0000000085000000, 0x0000000085100000|  0%| F|  |TAMS 0x0000000085000000, 0x0000000085000000| Untracked 
|  55|0x0000000085100000, 0x0000000085100000, 0x0000000085200000|  0%| F|  |TAMS 0x0000000085100000, 0x0000000085100000| Untracked 
|  56|0x0000000085200000, 0x0000000085200000, 0x0000000085300000|  0%| F|  |TAMS 0x0000000085200000, 0x0000000085200000| Untracked 
|  57|0x0000000085300000, 0x0000000085300000, 0x0000000085400000|  0%| F|  |TAMS 0x0000000085300000, 0x0000000085300000| Untracked 
|  58|0x0000000085400000, 0x0000000085400000, 0x0000000085500000|  0%| F|  |TAMS 0x0000000085400000, 0x0000000085400000| Untracked 
|  59|0x0000000085500000, 0x0000000085500000, 0x0000000085600000|  0%| F|  |TAMS 0x0000000085500000, 0x0000000085500000| Untracked 
|  60|0x0000000085600000, 0x0000000085600000, 0x0000000085700000|  0%| F|  |TAMS 0x0000000085600000, 0x0000000085600000| Untracked 
|  61|0x0000000085700000, 0x0000000085700000, 0x0000000085800000|  0%| F|  |TAMS 0x0000000085700000, 0x0000000085700000| Untracked 
|  62|0x0000000085800000, 0x0000000085800000, 0x0000000085900000|  0%| F|  |TAMS 0x0000000085800000, 0x0000000085800000| Untracked 
|  63|0x0000000085900000, 0x0000000085900000, 0x0000000085a00000|  0%| F|  |TAMS 0x0000000085900000, 0x0000000085900000| Untracked 
|  64|0x0000000085a00000, 0x0000000085a00000, 0x0000000085b00000|  0%| F|  |TAMS 0x0000000085a00000, 0x0000000085a00000| Untracked 
|  65|0x0000000085b00000, 0x0000000085b00000, 0x0000000085c00000|  0%| F|  |TAMS 0x0000000085b00000, 0x0000000085b00000| Untracked 
|  66|0x0000000085c00000, 0x0000000085c00000, 0x0000000085d00000|  0%| F|  |TAMS 0x0000000085c00000, 0x0000000085c00000| Untracked 
|  67|0x0000000085d00000, 0x0000000085d00000, 0x0000000085e00000|  0%| F|  |TAMS 0x0000000085d00000, 0x0000000085d00000| Untracked 
|  68|0x0000000085e00000, 0x0000000085e00000, 0x0000000085f00000|  0%| F|  |TAMS 0x0000000085e00000, 0x0000000085e00000| Untracked 
|  69|0x0000000085f00000, 0x0000000085f00000, 0x0000000086000000|  0%| F|  |TAMS 0x0000000085f00000, 0x0000000085f00000| Untracked 
|  70|0x0000000086000000, 0x0000000086000000, 0x0000000086100000|  0%| F|  |TAMS 0x0000000086000000, 0x0000000086000000| Untracked 
|  71|0x0000000086100000, 0x0000000086100000, 0x0000000086200000|  0%| F|  |TAMS 0x0000000086100000, 0x0000000086100000| Untracked 
|  72|0x0000000086200000, 0x0000000086200000, 0x0000000086300000|  0%| F|  |TAMS 0x0000000086200000, 0x0000000086200000| Untracked 
|  73|0x0000000086300000, 0x0000000086300000, 0x0000000086400000|  0%| F|  |TAMS 0x0000000086300000, 0x0000000086300000| Untracked 
|  74|0x0000000086400000, 0x0000000086400000, 0x0000000086500000|  0%| F|  |TAMS 0x0000000086400000, 0x0000000086400000| Untracked 
|  75|0x0000000086500000, 0x0000000086500000, 0x0000000086600000|  0%| F|  |TAMS 0x0000000086500000, 0x0000000086500000| Untracked 
|  76|0x0000000086600000, 0x0000000086600000, 0x0000000086700000|  0%| F|  |TAMS 0x0000000086600000, 0x0000000086600000| Untracked 
|  77|0x0000000086700000, 0x0000000086700000, 0x0000000086800000|  0%| F|  |TAMS 0x0000000086700000, 0x0000000086700000| Untracked 
|  78|0x0000000086800000, 0x0000000086800000, 0x0000000086900000|  0%| F|  |TAMS 0x0000000086800000, 0x0000000086800000| Untracked 
|  79|0x0000000086900000, 0x0000000086900000, 0x0000000086a00000|  0%| F|  |TAMS 0x0000000086900000, 0x0000000086900000| Untracked 
|  80|0x0000000086a00000, 0x0000000086a00000, 0x0000000086b00000|  0%| F|  |TAMS 0x0000000086a00000, 0x0000000086a00000| Untracked 
|  81|0x0000000086b00000, 0x0000000086b00000, 0x0000000086c00000|  0%| F|  |TAMS 0x0000000086b00000, 0x0000000086b00000| Untracked 
|  82|0x0000000086c00000, 0x0000000086c00000, 0x0000000086d00000|  0%| F|  |TAMS 0x0000000086c00000, 0x0000000086c00000| Untracked 
|  83|0x0000000086d00000, 0x0000000086e00000, 0x0000000086e00000|100%| S|CS|TAMS 0x0000000086d00000, 0x0000000086d00000| Complete 
|  84|0x0000000086e00000, 0x0000000086f00000, 0x0000000086f00000|100%| S|CS|TAMS 0x0000000086e00000, 0x0000000086e00000| Complete 
|  85|0x0000000086f00000, 0x0000000087000000, 0x0000000087000000|100%| S|CS|TAMS 0x0000000086f00000, 0x0000000086f00000| Complete 
|  86|0x0000000087000000, 0x0000000087100000, 0x0000000087100000|100%| S|CS|TAMS 0x0000000087000000, 0x0000000087000000| Complete 
|  87|0x0000000087100000, 0x0000000087200000, 0x0000000087200000|100%| S|CS|TAMS 0x0000000087100000, 0x0000000087100000| Complete 
|  88|0x0000000087200000, 0x0000000087300000, 0x0000000087300000|100%| S|CS|TAMS 0x0000000087200000, 0x0000000087200000| Complete 
|  89|0x0000000087300000, 0x0000000087400000, 0x0000000087400000|100%| S|CS|TAMS 0x0000000087300000, 0x0000000087300000| Complete 
|  90|0x0000000087400000, 0x0000000087500000, 0x0000000087500000|100%| S|CS|TAMS 0x0000000087400000, 0x0000000087400000| Complete 
|  91|0x0000000087500000, 0x0000000087600000, 0x0000000087600000|100%| S|CS|TAMS 0x0000000087500000, 0x0000000087500000| Complete 
|  92|0x0000000087600000, 0x0000000087600000, 0x0000000087700000|  0%| F|  |TAMS 0x0000000087600000, 0x0000000087600000| Untracked 
|  93|0x0000000087700000, 0x0000000087700000, 0x0000000087800000|  0%| F|  |TAMS 0x0000000087700000, 0x0000000087700000| Untracked 
|  94|0x0000000087800000, 0x0000000087800000, 0x0000000087900000|  0%| F|  |TAMS 0x0000000087800000, 0x0000000087800000| Untracked 
|  95|0x0000000087900000, 0x0000000087900000, 0x0000000087a00000|  0%| F|  |TAMS 0x0000000087900000, 0x0000000087900000| Untracked 
|  96|0x0000000087a00000, 0x0000000087a00000, 0x0000000087b00000|  0%| F|  |TAMS 0x0000000087a00000, 0x0000000087a00000| Untracked 
|  97|0x0000000087b00000, 0x0000000087b00000, 0x0000000087c00000|  0%| F|  |TAMS 0x0000000087b00000, 0x0000000087b00000| Untracked 
|  98|0x0000000087c00000, 0x0000000087c00000, 0x0000000087d00000|  0%| F|  |TAMS 0x0000000087c00000, 0x0000000087c00000| Untracked 
|  99|0x0000000087d00000, 0x0000000087d00000, 0x0000000087e00000|  0%| F|  |TAMS 0x0000000087d00000, 0x0000000087d00000| Untracked 
| 100|0x0000000087e00000, 0x0000000087e00000, 0x0000000087f00000|  0%| F|  |TAMS 0x0000000087e00000, 0x0000000087e00000| Untracked 
| 101|0x0000000087f00000, 0x0000000087f00000, 0x0000000088000000|  0%| F|  |TAMS 0x0000000087f00000, 0x0000000087f00000| Untracked 
| 102|0x0000000088000000, 0x0000000088000000, 0x0000000088100000|  0%| F|  |TAMS 0x0000000088000000, 0x0000000088000000| Untracked 
| 103|0x0000000088100000, 0x0000000088100000, 0x0000000088200000|  0%| F|  |TAMS 0x0000000088100000, 0x0000000088100000| Untracked 
| 104|0x0000000088200000, 0x0000000088200000, 0x0000000088300000|  0%| F|  |TAMS 0x0000000088200000, 0x0000000088200000| Untracked 
| 105|0x0000000088300000, 0x0000000088300000, 0x0000000088400000|  0%| F|  |TAMS 0x0000000088300000, 0x0000000088300000| Untracked 
| 106|0x0000000088400000, 0x0000000088400000, 0x0000000088500000|  0%| F|  |TAMS 0x0000000088400000, 0x0000000088400000| Untracked 
| 107|0x0000000088500000, 0x0000000088500000, 0x0000000088600000|  0%| F|  |TAMS 0x0000000088500000, 0x0000000088500000| Untracked 
| 108|0x0000000088600000, 0x0000000088600000, 0x0000000088700000|  0%| F|  |TAMS 0x0000000088600000, 0x0000000088600000| Untracked 
| 109|0x0000000088700000, 0x0000000088700000, 0x0000000088800000|  0%| F|  |TAMS 0x0000000088700000, 0x0000000088700000| Untracked 
| 110|0x0000000088800000, 0x0000000088800000, 0x0000000088900000|  0%| F|  |TAMS 0x0000000088800000, 0x0000000088800000| Untracked 
| 111|0x0000000088900000, 0x0000000088900000, 0x0000000088a00000|  0%| F|  |TAMS 0x0000000088900000, 0x0000000088900000| Untracked 
| 112|0x0000000088a00000, 0x0000000088a00000, 0x0000000088b00000|  0%| F|  |TAMS 0x0000000088a00000, 0x0000000088a00000| Untracked 
| 113|0x0000000088b00000, 0x0000000088b00000, 0x0000000088c00000|  0%| F|  |TAMS 0x0000000088b00000, 0x0000000088b00000| Untracked 
| 114|0x0000000088c00000, 0x0000000088c00000, 0x0000000088d00000|  0%| F|  |TAMS 0x0000000088c00000, 0x0000000088c00000| Untracked 
| 115|0x0000000088d00000, 0x0000000088d00000, 0x0000000088e00000|  0%| F|  |TAMS 0x0000000088d00000, 0x0000000088d00000| Untracked 
| 116|0x0000000088e00000, 0x0000000088e00000, 0x0000000088f00000|  0%| F|  |TAMS 0x0000000088e00000, 0x0000000088e00000| Untracked 
| 117|0x0000000088f00000, 0x0000000088f00000, 0x0000000089000000|  0%| F|  |TAMS 0x0000000088f00000, 0x0000000088f00000| Untracked 
| 118|0x0000000089000000, 0x0000000089000000, 0x0000000089100000|  0%| F|  |TAMS 0x0000000089000000, 0x0000000089000000| Untracked 
| 119|0x0000000089100000, 0x0000000089100000, 0x0000000089200000|  0%| F|  |TAMS 0x0000000089100000, 0x0000000089100000| Untracked 
| 120|0x0000000089200000, 0x0000000089200000, 0x0000000089300000|  0%| F|  |TAMS 0x0000000089200000, 0x0000000089200000| Untracked 
| 121|0x0000000089300000, 0x0000000089300000, 0x0000000089400000|  0%| F|  |TAMS 0x0000000089300000, 0x0000000089300000| Untracked 
| 122|0x0000000089400000, 0x0000000089400000, 0x0000000089500000|  0%| F|  |TAMS 0x0000000089400000, 0x0000000089400000| Untracked 
| 123|0x0000000089500000, 0x0000000089500000, 0x0000000089600000|  0%| F|  |TAMS 0x0000000089500000, 0x0000000089500000| Untracked 
| 124|0x0000000089600000, 0x0000000089600000, 0x0000000089700000|  0%| F|  |TAMS 0x0000000089600000, 0x0000000089600000| Untracked 
| 125|0x0000000089700000, 0x0000000089700000, 0x0000000089800000|  0%| F|  |TAMS 0x0000000089700000, 0x0000000089700000| Untracked 
| 126|0x0000000089800000, 0x0000000089800000, 0x0000000089900000|  0%| F|  |TAMS 0x0000000089800000, 0x0000000089800000| Untracked 
| 127|0x0000000089900000, 0x0000000089900000, 0x0000000089a00000|  0%| F|  |TAMS 0x0000000089900000, 0x0000000089900000| Untracked 
| 128|0x0000000089a00000, 0x0000000089a00000, 0x0000000089b00000|  0%| F|  |TAMS 0x0000000089a00000, 0x0000000089a00000| Untracked 
| 129|0x0000000089b00000, 0x0000000089b00000, 0x0000000089c00000|  0%| F|  |TAMS 0x0000000089b00000, 0x0000000089b00000| Untracked 
| 130|0x0000000089c00000, 0x0000000089c00000, 0x0000000089d00000|  0%| F|  |TAMS 0x0000000089c00000, 0x0000000089c00000| Untracked 
| 131|0x0000000089d00000, 0x0000000089d00000, 0x0000000089e00000|  0%| F|  |TAMS 0x0000000089d00000, 0x0000000089d00000| Untracked 
| 132|0x0000000089e00000, 0x0000000089e00000, 0x0000000089f00000|  0%| F|  |TAMS 0x0000000089e00000, 0x0000000089e00000| Untracked 
| 133|0x0000000089f00000, 0x0000000089f00000, 0x000000008a000000|  0%| F|  |TAMS 0x0000000089f00000, 0x0000000089f00000| Untracked 
| 134|0x000000008a000000, 0x000000008a000000, 0x000000008a100000|  0%| F|  |TAMS 0x000000008a000000, 0x000000008a000000| Untracked 
| 135|0x000000008a100000, 0x000000008a100000, 0x000000008a200000|  0%| F|  |TAMS 0x000000008a100000, 0x000000008a100000| Untracked 
| 136|0x000000008a200000, 0x000000008a200000, 0x000000008a300000|  0%| F|  |TAMS 0x000000008a200000, 0x000000008a200000| Untracked 
| 137|0x000000008a300000, 0x000000008a300000, 0x000000008a400000|  0%| F|  |TAMS 0x000000008a300000, 0x000000008a300000| Untracked 
| 138|0x000000008a400000, 0x000000008a400000, 0x000000008a500000|  0%| F|  |TAMS 0x000000008a400000, 0x000000008a400000| Untracked 
| 139|0x000000008a500000, 0x000000008a500000, 0x000000008a600000|  0%| F|  |TAMS 0x000000008a500000, 0x000000008a500000| Untracked 
| 140|0x000000008a600000, 0x000000008a600000, 0x000000008a700000|  0%| F|  |TAMS 0x000000008a600000, 0x000000008a600000| Untracked 
| 141|0x000000008a700000, 0x000000008a700000, 0x000000008a800000|  0%| F|  |TAMS 0x000000008a700000, 0x000000008a700000| Untracked 
| 142|0x000000008a800000, 0x000000008a800000, 0x000000008a900000|  0%| F|  |TAMS 0x000000008a800000, 0x000000008a800000| Untracked 
| 143|0x000000008a900000, 0x000000008a900000, 0x000000008aa00000|  0%| F|  |TAMS 0x000000008a900000, 0x000000008a900000| Untracked 
| 144|0x000000008aa00000, 0x000000008aa00000, 0x000000008ab00000|  0%| F|  |TAMS 0x000000008aa00000, 0x000000008aa00000| Untracked 
| 145|0x000000008ab00000, 0x000000008ab00000, 0x000000008ac00000|  0%| F|  |TAMS 0x000000008ab00000, 0x000000008ab00000| Untracked 
| 146|0x000000008ac00000, 0x000000008ac00000, 0x000000008ad00000|  0%| F|  |TAMS 0x000000008ac00000, 0x000000008ac00000| Untracked 
| 147|0x000000008ad00000, 0x000000008ad00000, 0x000000008ae00000|  0%| F|  |TAMS 0x000000008ad00000, 0x000000008ad00000| Untracked 
| 148|0x000000008ae00000, 0x000000008ae00000, 0x000000008af00000|  0%| F|  |TAMS 0x000000008ae00000, 0x000000008ae00000| Untracked 
| 149|0x000000008af00000, 0x000000008af00000, 0x000000008b000000|  0%| F|  |TAMS 0x000000008af00000, 0x000000008af00000| Untracked 
| 150|0x000000008b000000, 0x000000008b000000, 0x000000008b100000|  0%| F|  |TAMS 0x000000008b000000, 0x000000008b000000| Untracked 
| 151|0x000000008b100000, 0x000000008b100000, 0x000000008b200000|  0%| F|  |TAMS 0x000000008b100000, 0x000000008b100000| Untracked 
| 152|0x000000008b200000, 0x000000008b200000, 0x000000008b300000|  0%| F|  |TAMS 0x000000008b200000, 0x000000008b200000| Untracked 
| 153|0x000000008b300000, 0x000000008b300000, 0x000000008b400000|  0%| F|  |TAMS 0x000000008b300000, 0x000000008b300000| Untracked 
| 154|0x000000008b400000, 0x000000008b400000, 0x000000008b500000|  0%| F|  |TAMS 0x000000008b400000, 0x000000008b400000| Untracked 
| 155|0x000000008b500000, 0x000000008b500000, 0x000000008b600000|  0%| F|  |TAMS 0x000000008b500000, 0x000000008b500000| Untracked 
| 156|0x000000008b600000, 0x000000008b600000, 0x000000008b700000|  0%| F|  |TAMS 0x000000008b600000, 0x000000008b600000| Untracked 

Card table byte_map: [0x000002713fcf0000,0x00000271400f0000] _byte_map_base: 0x000002713f8e3000

Marking Bits (Prev, Next): (CMBitMap*) 0x000002712c3ba7a0, (CMBitMap*) 0x000002712c3ba768
 Prev Bits: [0x0000027142490000, 0x0000027144428000)
 Next Bits: [0x00000271404f0000, 0x0000027142488000)

Polling page: 0x000002712aa80000

Metaspace:

Usage:
  Non-class:     59.19 MB capacity,    58.80 MB (>99%) used,   301.66 KB ( <1%) free+waste,    96.56 KB ( <1%) overhead. 
      Class:      7.56 MB capacity,     7.33 MB ( 97%) used,   202.55 KB (  3%) free+waste,    38.81 KB ( <1%) overhead. 
       Both:     66.75 MB capacity,    66.13 MB (>99%) used,   504.21 KB ( <1%) free+waste,   135.38 KB ( <1%) overhead. 

Virtual space:
  Non-class space:       60.00 MB reserved,      59.25 MB ( 99%) committed 
      Class space:        1.00 GB reserved,       7.57 MB ( <1%) committed 
             Both:        1.06 GB reserved,      66.83 MB (  6%) committed 

Chunk freelists:
   Non-Class:  65.00 KB
       Class:  1.00 KB
        Both:  66.00 KB

MaxMetaspaceSize: 17179869184.00 GB
CompressedClassSpaceSize: 1.00 GB
Initial GC threshold: 20.80 MB
Current GC threshold: 99.30 MB
CDS: off

CodeHeap 'non-profiled nmethods': size=120000Kb used=4275Kb max_used=4275Kb free=115724Kb
 bounds [0x0000027137960000, 0x0000027137d90000, 0x000002713ee90000]
CodeHeap 'profiled nmethods': size=120000Kb used=21894Kb max_used=21894Kb free=98105Kb
 bounds [0x0000027130430000, 0x00000271319a0000, 0x0000027137960000]
CodeHeap 'non-nmethods': size=5760Kb used=1364Kb max_used=1390Kb free=4396Kb
 bounds [0x000002712fe90000, 0x0000027130100000, 0x0000027130430000]
 total_blobs=9036 nmethods=8380 adapters=565
 compilation: enabled
              stopped_count=0, restarted_count=0
 full_count=0

Compilation events (20 events):
Event: 6.044 Thread 0x00000271477d3800 nmethod 8413 0x0000027137d88a90 code [0x0000027137d88c40, 0x0000027137d88cf8]
Event: 6.044 Thread 0x00000271477d3800 8414       1       org.jetbrains.kotlin.backend.common.DefaultMapping::getDefaultArgumentsDispatchFunction (5 bytes)
Event: 6.044 Thread 0x00000271477d3800 nmethod 8414 0x0000027137d88d90 code [0x0000027137d88f40, 0x0000027137d88ff8]
Event: 6.047 Thread 0x00000271477d3800 8433       3       org.jetbrains.kotlin.backend.common.ir.IrUtilsKt::copyAnnotations (243 bytes)
Event: 6.048 Thread 0x00000271477d3800 nmethod 8433 0x000002713198c290 code [0x000002713198c7c0, 0x000002713198f198]
Event: 6.050 Thread 0x0000027147929800 nmethod 8428 0x0000027137d89090 code [0x0000027137d89300, 0x0000027137d89c30]
Event: 6.050 Thread 0x0000027147929800 8431       4       java.lang.StringCoding::encodeUTF8 (132 bytes)
Event: 6.052 Thread 0x00000271477d3800 8435       3       org.jetbrains.kotlin.resolve.calls.components.ClassicTypeSystemContextForCS::getType (6 bytes)
Event: 6.052 Thread 0x00000271477d3800 nmethod 8435 0x0000027131990190 code [0x0000027131990340, 0x0000027131990468]
Event: 6.052 Thread 0x00000271477d3800 8436       2       org.jetbrains.kotlin.ir.util.TypeTranslator::approximate (50 bytes)
Event: 6.053 Thread 0x00000271477d3800 nmethod 8436 0x0000027131990510 code [0x0000027131990760, 0x0000027131990b58]
Event: 6.058 Thread 0x0000027147929800 nmethod 8431 0x0000027137d8a510 code [0x0000027137d8a6e0, 0x0000027137d8af08]
Event: 6.058 Thread 0x0000027147929800 8430       4       org.jetbrains.kotlin.ir.declarations.lazy.SynchronizedLazyVar::<init> (27 bytes)
Event: 6.059 Thread 0x00000271477d3800 8437       3       org.jetbrains.kotlin.types.AbstractTypeApproximator::typeDepth (18 bytes)
Event: 6.059 Thread 0x0000027147929800 nmethod 8430 0x0000027137d8b210 code [0x0000027137d8b3a0, 0x0000027137d8b5b8]
Event: 6.059 Thread 0x0000027147929800 8432       4       org.jetbrains.kotlin.backend.common.serialization.mangle.descriptor.DescriptorMangleComputer$mangleSignature$3::invoke (16 bytes)
Event: 6.060 Thread 0x00000271477d3800 nmethod 8437 0x0000027131990e10 code [0x0000027131991040, 0x0000027131991688]
Event: 6.060 Thread 0x00000271477d3800 8439       3       org.jetbrains.kotlin.types.AbstractTypeApproximator::approximateParametrizedType (1361 bytes)
Event: 6.072 Thread 0x0000027147929800 nmethod 8432 0x0000027137d8b690 code [0x0000027137d8b8a0, 0x0000027137d8c5a8]
Event: 6.072 Thread 0x0000027147929800 8434       4       org.jetbrains.kotlin.load.java.structure.impl.classFiles.BinaryJavaMethodBase::findAnnotation (6 bytes)

GC Heap History (17 events):
Event: 0.448 GC heap before
{Heap before GC invocations=0 (full 0):
 garbage-first heap   total 131072K, used 27648K [0x0000000081a00000, 0x0000000100000000)
  region size 1024K, 24 young (24576K), 0 survivors (0K)
 Metaspace       used 12388K, capacity 12504K, committed 12800K, reserved 1060864K
  class space    used 1168K, capacity 1207K, committed 1280K, reserved 1048576K
}
Event: 0.450 GC heap after
{Heap after GC invocations=1 (full 0):
 garbage-first heap   total 131072K, used 5763K [0x0000000081a00000, 0x0000000100000000)
  region size 1024K, 3 young (3072K), 3 survivors (3072K)
 Metaspace       used 12388K, capacity 12504K, committed 12800K, reserved 1060864K
  class space    used 1168K, capacity 1207K, committed 1280K, reserved 1048576K
}
Event: 0.914 GC heap before
{Heap before GC invocations=1 (full 0):
 garbage-first heap   total 131072K, used 40579K [0x0000000081a00000, 0x0000000100000000)
  region size 1024K, 38 young (38912K), 3 survivors (3072K)
 Metaspace       used 20918K, capacity 21086K, committed 21296K, reserved 1069056K
  class space    used 2232K, capacity 2312K, committed 2432K, reserved 1048576K
}
Event: 0.923 GC heap after
{Heap after GC invocations=2 (full 0):
 garbage-first heap   total 131072K, used 9216K [0x0000000081a00000, 0x0000000100000000)
  region size 1024K, 6 young (6144K), 6 survivors (6144K)
 Metaspace       used 20918K, capacity 21086K, committed 21296K, reserved 1069056K
  class space    used 2232K, capacity 2312K, committed 2432K, reserved 1048576K
}
Event: 1.632 GC heap before
{Heap before GC invocations=3 (full 0):
 garbage-first heap   total 131072K, used 63488K [0x0000000081a00000, 0x0000000100000000)
  region size 1024K, 54 young (55296K), 6 survivors (6144K)
 Metaspace       used 32728K, capacity 33176K, committed 33456K, reserved 1079296K
  class space    used 4108K, capacity 4310K, committed 4352K, reserved 1048576K
}
Event: 1.644 GC heap after
{Heap after GC invocations=4 (full 0):
 garbage-first heap   total 131072K, used 20134K [0x0000000081a00000, 0x0000000100000000)
  region size 1024K, 7 young (7168K), 7 survivors (7168K)
 Metaspace       used 32728K, capacity 33176K, committed 33456K, reserved 1079296K
  class space    used 4108K, capacity 4310K, committed 4352K, reserved 1048576K
}
Event: 1.803 GC heap before
{Heap before GC invocations=4 (full 0):
 garbage-first heap   total 131072K, used 32422K [0x0000000081a00000, 0x0000000100000000)
  region size 1024K, 20 young (20480K), 7 survivors (7168K)
 Metaspace       used 35381K, capacity 35843K, committed 35920K, reserved 1081344K
  class space    used 4404K, capacity 4602K, committed 4608K, reserved 1048576K
}
Event: 1.816 GC heap after
{Heap after GC invocations=5 (full 0):
 garbage-first heap   total 131072K, used 22328K [0x0000000081a00000, 0x0000000100000000)
  region size 1024K, 2 young (2048K), 2 survivors (2048K)
 Metaspace       used 35381K, capacity 35843K, committed 35920K, reserved 1081344K
  class space    used 4404K, capacity 4602K, committed 4608K, reserved 1048576K
}
Event: 2.443 GC heap before
{Heap before GC invocations=6 (full 0):
 garbage-first heap   total 131072K, used 68408K [0x0000000081a00000, 0x0000000100000000)
  region size 1024K, 47 young (48128K), 2 survivors (2048K)
 Metaspace       used 45395K, capacity 45949K, committed 46236K, reserved 1089536K
  class space    used 5429K, capacity 5639K, committed 5708K, reserved 1048576K
}
Event: 2.452 GC heap after
{Heap after GC invocations=7 (full 0):
 garbage-first heap   total 160768K, used 25577K [0x0000000081a00000, 0x0000000100000000)
  region size 1024K, 5 young (5120K), 5 survivors (5120K)
 Metaspace       used 45395K, capacity 45949K, committed 46236K, reserved 1089536K
  class space    used 5429K, capacity 5639K, committed 5708K, reserved 1048576K
}
Event: 3.251 GC heap before
{Heap before GC invocations=7 (full 0):
 garbage-first heap   total 160768K, used 83945K [0x0000000081a00000, 0x0000000100000000)
  region size 1024K, 61 young (62464K), 5 survivors (5120K)
 Metaspace       used 50074K, capacity 50694K, committed 50844K, reserved 1093632K
  class space    used 5842K, capacity 6086K, committed 6220K, reserved 1048576K
}
Event: 3.265 GC heap after
{Heap after GC invocations=8 (full 0):
 garbage-first heap   total 160768K, used 32644K [0x0000000081a00000, 0x0000000100000000)
  region size 1024K, 8 young (8192K), 8 survivors (8192K)
 Metaspace       used 50074K, capacity 50694K, committed 50844K, reserved 1093632K
  class space    used 5842K, capacity 6086K, committed 6220K, reserved 1048576K
}
Event: 4.227 GC heap before
{Heap before GC invocations=8 (full 0):
 garbage-first heap   total 160768K, used 93060K [0x0000000081a00000, 0x0000000100000000)
  region size 1024K, 67 young (68608K), 8 survivors (8192K)
 Metaspace       used 54694K, capacity 55330K, committed 55580K, reserved 1097728K
  class space    used 6262K, capacity 6501K, committed 6604K, reserved 1048576K
}
Event: 4.247 GC heap after
{Heap after GC invocations=9 (full 0):
 garbage-first heap   total 160768K, used 41634K [0x0000000081a00000, 0x0000000100000000)
  region size 1024K, 9 young (9216K), 9 survivors (9216K)
 Metaspace       used 54694K, capacity 55330K, committed 55580K, reserved 1097728K
  class space    used 6262K, capacity 6501K, committed 6604K, reserved 1048576K
}
Event: 5.191 GC heap before
{Heap before GC invocations=9 (full 0):
 garbage-first heap   total 160768K, used 73378K [0x0000000081a00000, 0x0000000100000000)
  region size 1024K, 41 young (41984K), 9 survivors (9216K)
 Metaspace       used 59645K, capacity 60220K, committed 60316K, reserved 1103872K
  class space    used 6664K, capacity 6909K, committed 6988K, reserved 1048576K
}
Event: 5.209 GC heap after
{Heap after GC invocations=10 (full 0):
 garbage-first heap   total 160768K, used 45557K [0x0000000081a00000, 0x0000000100000000)
  region size 1024K, 5 young (5120K), 5 survivors (5120K)
 Metaspace       used 59645K, capacity 60220K, committed 60316K, reserved 1103872K
  class space    used 6664K, capacity 6909K, committed 6988K, reserved 1048576K
}
Event: 6.072 GC heap before
{Heap before GC invocations=11 (full 0):
 garbage-first heap   total 160768K, used 106997K [0x0000000081a00000, 0x0000000100000000)
  region size 1024K, 65 young (66560K), 5 survivors (5120K)
 Metaspace       used 67714K, capacity 68354K, committed 68432K, reserved 1110016K
  class space    used 7501K, capacity 7743K, committed 7756K, reserved 1048576K
}

Deoptimization events (20 events):
Event: 5.875 Thread 0x000002712c37c000 Uncommon trap: trap_request=0xffffffc6 fr.pc=0x0000027137d407a0 relative=0x0000000000000ae0
Event: 5.875 Thread 0x000002712c37c000 Uncommon trap: reason=bimorphic_or_optimized_type_check action=maybe_recompile pc=0x0000027137d407a0 method=org.jetbrains.kotlin.descriptors.impl.FunctionDescriptorImpl.isInfix()Z @ 44 c2
Event: 5.875 Thread 0x000002712c37c000 DEOPT PACKING pc=0x0000027137d407a0 sp=0x000000a0c5dfd9b0
Event: 5.875 Thread 0x000002712c37c000 DEOPT UNPACKING pc=0x000002712feda1af sp=0x000000a0c5dfd980 mode 2
Event: 5.937 Thread 0x000002712c37c000 Uncommon trap: trap_request=0xffffff4d fr.pc=0x0000027137c87678 relative=0x00000000000017d8
Event: 5.937 Thread 0x000002712c37c000 Uncommon trap: reason=unstable_if action=reinterpret pc=0x0000027137c87678 method=org.jetbrains.kotlin.builtins.functions.BuiltInFictitiousFunctionClassFactory.shouldCreateClass(Lorg/jetbrains/kotlin/name/FqName;Lorg/jetbrains/kotlin/name/Name;)Z @ 32 c2
Event: 5.937 Thread 0x000002712c37c000 DEOPT PACKING pc=0x0000027137c87678 sp=0x000000a0c5dfcd90
Event: 5.937 Thread 0x000002712c37c000 DEOPT UNPACKING pc=0x000002712feda1af sp=0x000000a0c5dfccb8 mode 2
Event: 5.938 Thread 0x000002712c37c000 Uncommon trap: trap_request=0xffffffc6 fr.pc=0x0000027137d407a0 relative=0x0000000000000ae0
Event: 5.938 Thread 0x000002712c37c000 Uncommon trap: reason=bimorphic_or_optimized_type_check action=maybe_recompile pc=0x0000027137d407a0 method=org.jetbrains.kotlin.descriptors.impl.FunctionDescriptorImpl.isInfix()Z @ 44 c2
Event: 5.938 Thread 0x000002712c37c000 DEOPT PACKING pc=0x0000027137d407a0 sp=0x000000a0c5dfd8d0
Event: 5.938 Thread 0x000002712c37c000 DEOPT UNPACKING pc=0x000002712feda1af sp=0x000000a0c5dfd8a0 mode 2
Event: 5.970 Thread 0x000002712c37c000 Uncommon trap: trap_request=0xfffffff4 fr.pc=0x0000027137d70240 relative=0x0000000000000400
Event: 5.970 Thread 0x000002712c37c000 Uncommon trap: reason=null_check action=make_not_entrant pc=0x0000027137d70240 method=org.jetbrains.kotlin.ir.util.IdSignature$CommonSignature.equals(Ljava/lang/Object;)Z @ 1 c2
Event: 5.970 Thread 0x000002712c37c000 DEOPT PACKING pc=0x0000027137d70240 sp=0x000000a0c5dfe110
Event: 5.970 Thread 0x000002712c37c000 DEOPT UNPACKING pc=0x000002712feda1af sp=0x000000a0c5dfe0b0 mode 2
Event: 6.052 Thread 0x000002712c37c000 Uncommon trap: trap_request=0xfffffff4 fr.pc=0x0000027137d89b40 relative=0x0000000000000840
Event: 6.052 Thread 0x000002712c37c000 Uncommon trap: reason=null_check action=make_not_entrant pc=0x0000027137d89b40 method=org.jetbrains.kotlin.types.TypeApproximator.approximateToSuperType(Lorg/jetbrains/kotlin/types/UnwrappedType;Lorg/jetbrains/kotlin/types/TypeApproximatorConfiguration;)L
Event: 6.052 Thread 0x000002712c37c000 DEOPT PACKING pc=0x0000027137d89b40 sp=0x000000a0c5dfd0b0
Event: 6.052 Thread 0x000002712c37c000 DEOPT UNPACKING pc=0x000002712feda1af sp=0x000000a0c5dfcf28 mode 2

Classes redefined (0 events):
No events

Internal exceptions (20 events):
Event: 2.312 Thread 0x000002712c37c000 Exception <a 'java/lang/NoSuchMethodError'{0x00000000871b1b40}: 'java.lang.Object java.lang.invoke.DirectMethodHandle$Holder.invokeStatic(java.lang.Object, java.lang.Object, java.lang.Object, int)'> (0x00000000871b1b40) thrown at [./src/hotspot/share/interpreter/linkResolver.cpp, line 773]
Event: 2.312 Thread 0x000002712c37c000 Exception <a 'java/lang/NoSuchMethodError'{0x00000000871b57b0}: 'java.lang.Object java.lang.invoke.DirectMethodHandle$Holder.invokeSpecial(java.lang.Object, java.lang.Object, java.lang.Object, java.lang.Object, int)'> (0x00000000871b57b0) thrown at [./src/hotspot/share/interpreter/linkResolver.cpp, line 773]
Event: 2.313 Thread 0x000002712c37c000 Exception <a 'java/lang/NoSuchMethodError'{0x00000000871b8ac0}: 'java.lang.Object java.lang.invoke.Invokers$Holder.linkToTargetMethod(java.lang.Object, java.lang.Object, int, java.lang.Object)'> (0x00000000871b8ac0) thrown at [./src/hotspot/share/interpreter/linkResolver.cpp, line 773]
Event: 3.135 Thread 0x000002712c37c000 Exception <a 'java/lang/NoSuchMethodError'{0x0000000088256d58}: 'java.lang.Object java.lang.invoke.DirectMethodHandle$Holder.invokeStaticInit(java.lang.Object, java.lang.Object, java.lang.Object)'> (0x0000000088256d58) thrown at [./src/hotspot/share/interpreter/linkResolver.cpp, line 773]
Event: 3.805 Thread 0x000002712c37c000 Exception <a 'java/lang/NoSuchMethodError'{0x0000000089963e70}: 'int java.lang.invoke.DirectMethodHandle$Holder.invokeInterface(java.lang.Object, java.lang.Object)'> (0x0000000089963e70) thrown at [./src/hotspot/share/interpreter/linkResolver.cpp, line 773]
Event: 3.948 Thread 0x000002712c37c000 Exception <a 'java/lang/NoSuchMethodError'{0x0000000088ed54c0}: 'java.lang.Object java.lang.invoke.Invokers$Holder.linkToTargetMethod(java.lang.Object, java.lang.Object, java.lang.Object, int, int, java.lang.Object)'> (0x0000000088ed54c0) thrown at [./src/hotspot/share/interpreter/linkResolver.cpp, line 773]
Event: 3.959 Thread 0x000002712c37c000 Exception <a 'java/lang/NoSuchMethodError'{0x0000000088d60220}: 'java.lang.Object java.lang.invoke.Invokers$Holder.linkToTargetMethod(java.lang.Object, java.lang.Object, java.lang.Object, java.lang.Object, java.lang.Object, java.lang.Object)'> (0x0000000088d60220) thrown at [./src/hotspot/share/interpreter/linkResolver.cpp, line 773]
Event: 3.962 Thread 0x000002712c37c000 Implicit null exception at 0x0000027137b54331 to 0x0000027137b546d0
Event: 3.996 Thread 0x000002712c37c000 Implicit null exception at 0x00000271379fdef5 to 0x00000271379fe0cc
Event: 4.005 Thread 0x000002712c37c000 Implicit null exception at 0x00000271379be0af to 0x00000271379be11d
Event: 4.133 Thread 0x000002712c37c000 Implicit null exception at 0x00000271379bcade to 0x00000271379bd24a
Event: 4.169 Thread 0x000002712c37c000 Implicit null exception at 0x0000027137a9774c to 0x0000027137a97828
Event: 4.192 Thread 0x000002712c37c000 Exception <a 'java/lang/NoSuchMethodError'{0x000000008746bc38}: 'java.lang.Object java.lang.invoke.DirectMethodHandle$Holder.invokeInterface(java.lang.Object, java.lang.Object, java.lang.Object)'> (0x000000008746bc38) thrown at [./src/hotspot/share/interpreter/linkResolver.cpp, line 773]
Event: 4.192 Thread 0x000002712c37c000 Exception <a 'java/lang/IncompatibleClassChangeError'{0x000000008746ee68}: Found class java.lang.Object, but interface was expected> (0x000000008746ee68) thrown at [./src/hotspot/share/interpreter/linkResolver.cpp, line 839]
Event: 4.406 Thread 0x000002712c37c000 Exception <a 'java/lang/NoSuchMethodError'{0x000000008b385570}: 'int java.lang.invoke.DirectMethodHandle$Holder.invokeStaticInit(java.lang.Object, int)'> (0x000000008b385570) thrown at [./src/hotspot/share/interpreter/linkResolver.cpp, line 773]
Event: 4.555 Thread 0x000002712c37c000 Exception <a 'java/lang/NoSuchMethodError'{0x000000008ad26710}: 'java.lang.Object java.lang.invoke.DirectMethodHandle$Holder.invokeStatic(java.lang.Object, int, java.lang.Object, java.lang.Object)'> (0x000000008ad26710) thrown at [./src/hotspot/share/interpreter/linkResolver.cpp, line 773]
Event: 4.939 Thread 0x000002712c37c000 Implicit null exception at 0x00000271379b7f75 to 0x00000271379b813c
Event: 5.189 Thread 0x000002712c37c000 Exception <a 'java/lang/NoSuchMethodError'{0x00000000898fe288}: 'int java.lang.invoke.DirectMethodHandle$Holder.invokeStaticInit(java.lang.Object, java.lang.Object, java.lang.Object, java.lang.Object)'> (0x00000000898fe288) thrown at [./src/hotspot/share/interpreter/linkResolver.cpp, line 773]
Event: 5.970 Thread 0x000002712c37c000 Implicit null exception at 0x0000027137d6fe6f to 0x0000027137d70230
Event: 6.052 Thread 0x000002712c37c000 Implicit null exception at 0x0000027137d89733 to 0x0000027137d89b34

Events (20 events):
Event: 5.980 loading class org/jetbrains/kotlin/ir/util/DeepCopySymbolRemapper done
Event: 5.982 loading class org/jetbrains/kotlin/ir/util/NullDescriptorsRemapper
Event: 5.982 loading class org/jetbrains/kotlin/ir/util/NullDescriptorsRemapper done
Event: 5.982 loading class org/jetbrains/kotlin/ir/util/DescriptorsRemapper
Event: 5.982 loading class org/jetbrains/kotlin/ir/util/DescriptorsRemapper done
Event: 5.983 loading class org/jetbrains/kotlin/ir/util/DeepCopyTypeRemapper
Event: 5.983 loading class org/jetbrains/kotlin/ir/util/DeepCopyTypeRemapper done
Event: 5.983 loading class org/jetbrains/kotlin/ir/util/TypeRemapper
Event: 5.983 loading class org/jetbrains/kotlin/ir/util/TypeRemapper done
Event: 5.983 loading class org/jetbrains/kotlin/ir/util/DeepCopyIrTreeWithSymbols
Event: 5.983 loading class org/jetbrains/kotlin/ir/util/DeepCopyIrTreeWithSymbols done
Event: 5.985 Executing VM operation: Deoptimize
Event: 5.986 Executing VM operation: Deoptimize done
Event: 5.987 loading class org/jetbrains/kotlin/ir/util/SymbolRenamer$DEFAULT
Event: 5.987 loading class org/jetbrains/kotlin/ir/util/SymbolRenamer$DEFAULT done
Event: 5.987 loading class org/jetbrains/kotlin/ir/util/SymbolRenamer
Event: 5.987 loading class org/jetbrains/kotlin/ir/util/SymbolRenamer done
Event: 5.988 loading class org/jetbrains/kotlin/ir/declarations/IrAttributeContainerKt
Event: 5.988 loading class org/jetbrains/kotlin/ir/declarations/IrAttributeContainerKt done
Event: 6.072 Executing VM operation: G1CollectForAllocation


Dynamic libraries:
0x00007ff6c6c10000 - 0x00007ff6c6c1a000 	C:\Program Files\Android\Android Studio\jre\bin\java.exe
0x00007ff84e750000 - 0x00007ff84e945000 	C:\Windows\SYSTEM32\ntdll.dll
0x00007ff84d940000 - 0x00007ff84d9fd000 	C:\Windows\System32\KERNEL32.DLL
0x00007ff84c4d0000 - 0x00007ff84c79d000 	C:\Windows\System32\KERNELBASE.dll
0x00007ff84bf70000 - 0x00007ff84c070000 	C:\Windows\System32\ucrtbase.dll
0x00007ff821a40000 - 0x00007ff821a59000 	C:\Program Files\Android\Android Studio\jre\bin\jli.dll
0x00007ff824cb0000 - 0x00007ff824cc7000 	C:\Program Files\Android\Android Studio\jre\bin\VCRUNTIME140.dll
0x00007ff84e4e0000 - 0x00007ff84e680000 	C:\Windows\System32\USER32.dll
0x00007ff84c340000 - 0x00007ff84c362000 	C:\Windows\System32\win32u.dll
0x00007ff8304f0000 - 0x00007ff83078a000 	C:\Windows\WinSxS\amd64_microsoft.windows.common-controls_6595b64144ccf1df_6.0.19041.1110_none_60b5254171f9507e\COMCTL32.dll
0x00007ff84ce90000 - 0x00007ff84ceba000 	C:\Windows\System32\GDI32.dll
0x00007ff84c070000 - 0x00007ff84c17b000 	C:\Windows\System32\gdi32full.dll
0x00007ff84cec0000 - 0x00007ff84cf5e000 	C:\Windows\System32\msvcrt.dll
0x00007ff84bed0000 - 0x00007ff84bf6d000 	C:\Windows\System32\msvcp_win.dll
0x00007ff84d8f0000 - 0x00007ff84d920000 	C:\Windows\System32\IMM32.DLL
0x00007ff80baf0000 - 0x00007ff80bb8d000 	C:\Program Files\Android\Android Studio\jre\bin\msvcp140.dll
0x00007ff80c760000 - 0x00007ff80d245000 	C:\Program Files\Android\Android Studio\jre\bin\server\jvm.dll
0x00007ff84c7a0000 - 0x00007ff84c84e000 	C:\Windows\System32\ADVAPI32.dll
0x00007ff84ca60000 - 0x00007ff84cafc000 	C:\Windows\System32\sechost.dll
0x00007ff84cb00000 - 0x00007ff84cc25000 	C:\Windows\System32\RPCRT4.dll
0x00007ff84e150000 - 0x00007ff84e158000 	C:\Windows\System32\PSAPI.DLL
0x00007ff8483f0000 - 0x00007ff8483f9000 	C:\Windows\SYSTEM32\WSOCK32.dll
0x00007ff830290000 - 0x00007ff8302b7000 	C:\Windows\SYSTEM32\WINMM.dll
0x00007ff845a80000 - 0x00007ff845a8a000 	C:\Windows\SYSTEM32\VERSION.dll
0x00007ff84e290000 - 0x00007ff84e2fb000 	C:\Windows\System32\WS2_32.dll
0x00007ff849d40000 - 0x00007ff849d52000 	C:\Windows\SYSTEM32\kernel.appcore.dll
0x00007ff848380000 - 0x00007ff848391000 	C:\Program Files\Android\Android Studio\jre\bin\verify.dll
0x00007ff835570000 - 0x00007ff835754000 	C:\Windows\SYSTEM32\DBGHELP.DLL
0x00007ff835240000 - 0x00007ff83526c000 	C:\Windows\SYSTEM32\dbgcore.DLL
0x00007ff84c180000 - 0x00007ff84c202000 	C:\Windows\System32\bcryptPrimitives.dll
0x00007ff8463a0000 - 0x00007ff8463c9000 	C:\Program Files\Android\Android Studio\jre\bin\java.dll
0x00007ff846ac0000 - 0x00007ff846acb000 	C:\Program Files\Android\Android Studio\jre\bin\jimage.dll
0x00007ff8462b0000 - 0x00007ff8462c8000 	C:\Program Files\Android\Android Studio\jre\bin\zip.dll
0x00007ff84da00000 - 0x00007ff84e144000 	C:\Windows\System32\SHELL32.dll
0x00007ff849f40000 - 0x00007ff84a6d4000 	C:\Windows\SYSTEM32\windows.storage.dll
0x00007ff84cfd0000 - 0x00007ff84d324000 	C:\Windows\System32\combase.dll
0x00007ff84b7e0000 - 0x00007ff84b80c000 	C:\Windows\SYSTEM32\Wldp.dll
0x00007ff84d830000 - 0x00007ff84d8dd000 	C:\Windows\System32\SHCORE.dll
0x00007ff84cc30000 - 0x00007ff84cc85000 	C:\Windows\System32\shlwapi.dll
0x00007ff84bda0000 - 0x00007ff84bdbf000 	C:\Windows\SYSTEM32\profapi.dll
0x00007ff846170000 - 0x00007ff84618a000 	C:\Program Files\Android\Android Studio\jre\bin\net.dll
0x00007ff844020000 - 0x00007ff84412a000 	C:\Windows\SYSTEM32\WINHTTP.dll
0x00007ff84b5c0000 - 0x00007ff84b62a000 	C:\Windows\system32\mswsock.dll
0x00007ff846150000 - 0x00007ff846164000 	C:\Program Files\Android\Android Studio\jre\bin\nio.dll

dbghelp: loaded successfully - version: 4.0.5 - missing functions: none
symbol engine: initialized successfully - sym options: 0x614 - pdb path: .;C:\Program Files\Android\Android Studio\jre\bin;C:\Windows\SYSTEM32;C:\Windows\WinSxS\amd64_microsoft.windows.common-controls_6595b64144ccf1df_6.0.19041.1110_none_60b5254171f9507e;C:\Program Files\Android\Android Studio\jre\bin\server

VM Arguments:
java_command: org.jetbrains.kotlin.cli.jvm.K2JVMCompiler @C:\Users\Turonbank\AndroidStudioProjects\ebayKotlin\app\build\20220523_10513841724914835410.compiler.options
java_class_path (initial): C:\Users\Turonbank\.gradle\caches\modules-2\files-2.1\org.jetbrains.kotlin\kotlin-compiler-embeddable\1.6.21\97bdd5a752ce73b58ef16c17bc7f0ea2faff7a2e\kotlin-compiler-embeddable-1.6.21.jar;C:\Users\Turonbank\.gradle\caches\modules-2\files-2.1\org.jetbrains.kotlin\kotlin-reflect\1.6.21\5dc3574d9b7bebfcb4ec6b10ada4aaa9e140bd0b\kotlin-reflect-1.6.21.jar;C:\Users\Turonbank\.gradle\caches\modules-2\files-2.1\org.jetbrains.kotlin\kotlin-stdlib\1.6.21\11ef67f1900634fd951bad28c53ec957fabbe5b8\kotlin-stdlib-1.6.21.jar;C:\Users\Turonbank\.gradle\caches\modules-2\files-2.1\org.jetbrains.kotlin\kotlin-script-runtime\1.6.21\99c6675100da5d6d5b1c5a1032f27f28008d101b\kotlin-script-runtime-1.6.21.jar;C:\Users\Turonbank\.gradle\caches\modules-2\files-2.1\org.jetbrains.kotlin\kotlin-daemon-embeddable\1.6.21\46b78cf392e1c4f10854c3cadba44abb7b82250f\kotlin-daemon-embeddable-1.6.21.jar;C:\Users\Turonbank\.gradle\caches\modules-2\files-2.1\org.jetbrains.intellij.deps\trove4j\1.0.20200330\3afb14d5f9ceb459d724e907a21145e8ff394f02\trove4j-1.0.20200330.jar;C:\Users\Turonbank\.gradle\caches\modules-2\files-2.1\net.java.dev.jna\jna\5.6.0\330f2244e9030119ab3030fc3fededc86713d9cc\jna-5.6.0.jar;C:\Users\Turonbank\.gradle\caches\modules-2\files-2.1\org.jetbrains.kotlin\kotlin-stdlib-common\1.6.21\5e5b55c26dbc80372a920aef60eb774b714559b8\kotlin-stdlib-common-1.6.21.jar;C:\Users\Turonbank\.gradle\caches\modules-2\files-2.1\org.jetbrains\annotations\13.0\919f0dfe192fb4e063e7dacadee7f8bb9a2672a9\annotations-13.0.jar
Launcher Type: SUN_STANDARD

[Global flags]
     intx CICompilerCount                          = 4                                         {product} {ergonomic}
     uint ConcGCThreads                            = 2                                         {product} {ergonomic}
     uint G1ConcRefinementThreads                  = 8                                         {product} {ergonomic}
   size_t G1HeapRegionSize                         = 1048576                                   {product} {ergonomic}
    uintx GCDrainStackTargetSize                   = 64                                        {product} {ergonomic}
   size_t InitialHeapSize                          = 134217728                                 {product} {ergonomic}
   size_t MarkStackSize                            = 4194304                                   {product} {ergonomic}
   size_t MaxHeapSize                              = 2120220672                                {product} {ergonomic}
   size_t MaxNewSize                               = 1271922688                                {product} {ergonomic}
   size_t MinHeapDeltaBytes                        = 1048576                                   {product} {ergonomic}
    uintx NonNMethodCodeHeapSize                   = 5836300                                {pd product} {ergonomic}
    uintx NonProfiledCodeHeapSize                  = 122910970                              {pd product} {ergonomic}
    uintx ProfiledCodeHeapSize                     = 122910970                              {pd product} {ergonomic}
    uintx ReservedCodeCacheSize                    = 251658240                              {pd product} {ergonomic}
     bool SegmentedCodeCache                       = true                                      {product} {ergonomic}
     bool UseCompressedClassPointers               = true                                 {lp64_product} {ergonomic}
     bool UseCompressedOops                        = true                                 {lp64_product} {ergonomic}
     bool UseG1GC                                  = true                                      {product} {ergonomic}
     bool UseLargePagesIndividualAllocation        = false                                  {pd product} {ergonomic}

Logging:
Log output configuration:
 #0: stdout all=warning uptime,level,tags
 #1: stderr all=off uptime,level,tags

Environment Variables:
PATH=C:\Program Files\Common Files\Oracle\Java\javapath;C:\Program Files (x86)\Common Files\Oracle\Java\javapath;C:\Windows\system32;C:\Windows;C:\Windows\System32\Wbem;C:\Windows\System32\WindowsPowerShell\v1.0\;C:\Windows\System32\OpenSSH\;C:\Users\Turonbank\AppData\Local\Microsoft\WindowsApps;C:\Users\Turonbank\AppData\Local\Programs\Git\cmd
USERNAME=Turonbank
OS=Windows_NT
PROCESSOR_IDENTIFIER=Intel64 Family 6 Model 165 Stepping 3, GenuineIntel



---------------  S Y S T E M  ---------------

OS: Windows 10 , 64 bit Build 19041 (10.0.19041.1706)
OS uptime: 0 days 6:02 hours
Hyper-V role detected

CPU:total 8 (initial active 8) (4 cores per cpu, 2 threads per core) family 6 model 165 stepping 3 microcode 0xcc, cmov, cx8, fxsr, mmx, sse, sse2, sse3, ssse3, sse4.1, sse4.2, popcnt, avx, avx2, aes, clmul, erms, 3dnowpref, lzcnt, ht, tsc, tscinvbit, bmi1, bmi2, adx, fma

Memory: 4k page, system-wide physical 8085M (481M free)
TotalPageFile size 10133M (AvailPageFile size 29M)
current process WorkingSet (physical memory assigned to process): 323M, peak: 323M
current process commit charge ("private bytes"): 386M, peak: 421M

vm_info: OpenJDK 64-Bit Server VM (11.0.12+7-b1504.28-7817840) for windows-amd64 JRE (11.0.12+7-b1504.28-7817840), built on Oct 13 2021 22:12:33 by "builder" with MS VC++ 14.0 (VS2015)

END.
